[    0.000000] Linux version 4.15.0-70-generic (buildd@lgw01-amd64-055) (gcc version 7.4.0 (Ubuntu 7.4.0-1ubuntu1~18.04.1)) #79-Ubuntu SMP Tue Nov 12 10:36:11 UTC 2019 (Ubuntu 4.15.0-70.79-generic 4.15.18)
[    0.000000] Command line: BOOT_IMAGE=/boot/vmlinuz-4.15.0-70-generic root=LABEL=cloudimg-rootfs ro console=tty1 console=ttyS0
[    0.000000] KERNEL supported cpus:
[    0.000000]   Intel GenuineIntel
[    0.000000]   AMD AuthenticAMD
[    0.000000]   Centaur CentaurHauls
[    0.000000] x86/fpu: Supporting XSAVE feature 0x001: 'x87 floating point registers'
[    0.000000] x86/fpu: Supporting XSAVE feature 0x002: 'SSE registers'
[    0.000000] x86/fpu: Supporting XSAVE feature 0x004: 'AVX registers'
[    0.000000] x86/fpu: xstate_offset[2]:  576, xstate_sizes[2]:  256
[    0.000000] x86/fpu: Enabled xstate features 0x7, context size is 832 bytes, using 'standard' format.
[    0.000000] e820: BIOS-provided physical RAM map:
[    0.000000] BIOS-e820: [mem 0x0000000000000000-0x000000000009fbff] usable
[    0.000000] BIOS-e820: [mem 0x000000000009fc00-0x000000000009ffff] reserved
[    0.000000] BIOS-e820: [mem 0x00000000000f0000-0x00000000000fffff] reserved
[    0.000000] BIOS-e820: [mem 0x0000000000100000-0x000000003ffeffff] usable
[    0.000000] BIOS-e820: [mem 0x000000003fff0000-0x000000003fffffff] ACPI data
[    0.000000] BIOS-e820: [mem 0x00000000fec00000-0x00000000fec00fff] reserved
[    0.000000] BIOS-e820: [mem 0x00000000fee00000-0x00000000fee00fff] reserved
[    0.000000] BIOS-e820: [mem 0x00000000fffc0000-0x00000000ffffffff] reserved
[    0.000000] NX (Execute Disable) protection: active
[    0.000000] SMBIOS 2.5 present.
[    0.000000] DMI: innotek GmbH VirtualBox/VirtualBox, BIOS VirtualBox 12/01/2006
[    0.000000] Hypervisor detected: KVM
[    0.000000] e820: last_pfn = 0x3fff0 max_arch_pfn = 0x400000000
[    0.000000] MTRR: Disabled
[    0.000000] x86/PAT: MTRRs disabled, skipping PAT initialization too.
[    0.000000] CPU MTRRs all blank - virtualized system.
[    0.000000] x86/PAT: Configuration [0-7]: WB  WT  UC- UC  WB  WT  UC- UC  
[    0.000000] found SMP MP-table at [mem 0x0009fff0-0x0009ffff]
[    0.000000] Scanning 1 areas for low memory corruption
[    0.000000] RAMDISK: [mem 0x35a89000-0x36d3bfff]
[    0.000000] ACPI: Early table checksum verification disabled
[    0.000000] ACPI: RSDP 0x00000000000E0000 000024 (v02 VBOX  )
[    0.000000] ACPI: XSDT 0x000000003FFF0030 00003C (v01 VBOX   VBOXXSDT 00000001 ASL  00000061)
[    0.000000] ACPI: FACP 0x000000003FFF00F0 0000F4 (v04 VBOX   VBOXFACP 00000001 ASL  00000061)
[    0.000000] ACPI: DSDT 0x000000003FFF0470 0022EA (v02 VBOX   VBOXBIOS 00000002 INTL 20180105)
[    0.000000] ACPI: FACS 0x000000003FFF0200 000040
[    0.000000] ACPI: FACS 0x000000003FFF0200 000040
[    0.000000] ACPI: APIC 0x000000003FFF0240 000054 (v02 VBOX   VBOXAPIC 00000001 ASL  00000061)
[    0.000000] ACPI: SSDT 0x000000003FFF02A0 0001CC (v01 VBOX   VBOXCPUT 00000002 INTL 20180105)
[    0.000000] No NUMA configuration found
[    0.000000] Faking a node at [mem 0x0000000000000000-0x000000003ffeffff]
[    0.000000] NODE_DATA(0) allocated [mem 0x3ffc5000-0x3ffeffff]
[    0.000000] kvm-clock: cpu 0, msr 0:3ff44001, primary cpu clock
[    0.000000] kvm-clock: Using msrs 4b564d01 and 4b564d00
[    0.000000] kvm-clock: using sched offset of 3608790856 cycles
[    0.000000] clocksource: kvm-clock: mask: 0xffffffffffffffff max_cycles: 0x1cd42e4dffb, max_idle_ns: 881590591483 ns
[    0.000000] Zone ranges:
[    0.000000]   DMA      [mem 0x0000000000001000-0x0000000000ffffff]
[    0.000000]   DMA32    [mem 0x0000000001000000-0x000000003ffeffff]
[    0.000000]   Normal   empty
[    0.000000]   Device   empty
[    0.000000] Movable zone start for each node
[    0.000000] Early memory node ranges
[    0.000000]   node   0: [mem 0x0000000000001000-0x000000000009efff]
[    0.000000]   node   0: [mem 0x0000000000100000-0x000000003ffeffff]
[    0.000000] Reserved but unavailable: 98 pages
[    0.000000] Initmem setup node 0 [mem 0x0000000000001000-0x000000003ffeffff]
[    0.000000] ACPI: PM-Timer IO Port: 0x4008
[    0.000000] IOAPIC[0]: apic_id 1, version 32, address 0xfec00000, GSI 0-23
[    0.000000] ACPI: INT_SRC_OVR (bus 0 bus_irq 0 global_irq 2 dfl dfl)
[    0.000000] ACPI: INT_SRC_OVR (bus 0 bus_irq 9 global_irq 9 low level)
[    0.000000] Using ACPI (MADT) for SMP configuration information
[    0.000000] smpboot: Allowing 1 CPUs, 0 hotplug CPUs
[    0.000000] PM: Registered nosave memory: [mem 0x00000000-0x00000fff]
[    0.000000] PM: Registered nosave memory: [mem 0x0009f000-0x0009ffff]
[    0.000000] PM: Registered nosave memory: [mem 0x000a0000-0x000effff]
[    0.000000] PM: Registered nosave memory: [mem 0x000f0000-0x000fffff]
[    0.000000] e820: [mem 0x40000000-0xfebfffff] available for PCI devices
[    0.000000] Booting paravirtualized kernel on KVM
[    0.000000] clocksource: refined-jiffies: mask: 0xffffffff max_cycles: 0xffffffff, max_idle_ns: 7645519600211568 ns
[    0.000000] random: get_random_bytes called from start_kernel+0x99/0x4fd with crng_init=0
[    0.000000] setup_percpu: NR_CPUS:8192 nr_cpumask_bits:1 nr_cpu_ids:1 nr_node_ids:1
[    0.000000] percpu: Embedded 45 pages/cpu s147456 r8192 d28672 u2097152
[    0.000000] PV qspinlock hash table entries: 256 (order: 0, 4096 bytes)
[    0.000000] Built 1 zonelists, mobility grouping on.  Total pages: 257913
[    0.000000] Policy zone: DMA32
[    0.000000] Kernel command line: BOOT_IMAGE=/boot/vmlinuz-4.15.0-70-generic root=LABEL=cloudimg-rootfs ro console=tty1 console=ttyS0
[    0.000000] Memory: 983620K/1048120K available (12300K kernel code, 2481K rwdata, 4264K rodata, 2432K init, 2388K bss, 64500K reserved, 0K cma-reserved)
[    0.000000] SLUB: HWalign=64, Order=0-3, MinObjects=0, CPUs=1, Nodes=1
[    0.000000] Kernel/User page tables isolation: enabled
[    0.000000] ftrace: allocating 39315 entries in 154 pages
[    0.004000] Hierarchical RCU implementation.
[    0.004000] 	RCU restricting CPUs from NR_CPUS=8192 to nr_cpu_ids=1.
[    0.004000] 	Tasks RCU enabled.
[    0.004000] RCU: Adjusting geometry for rcu_fanout_leaf=16, nr_cpu_ids=1
[    0.004000] NR_IRQS: 524544, nr_irqs: 256, preallocated irqs: 16
[    0.004000] Console: colour VGA+ 80x25
[    0.004000] console [tty1] enabled
[    0.004000] console [ttyS0] enabled
[    0.004000] ACPI: Core revision 20170831
[    0.004000] ACPI: 2 ACPI AML tables successfully acquired and loaded
[    0.004000] APIC: Switch to symmetric I/O mode setup
[    0.004000] x2apic enabled
[    0.004000] Switched APIC routing to physical x2apic.
[    0.004000] ..TIMER: vector=0x30 apic1=0 pin1=2 apic2=-1 pin2=-1
[    0.004000] tsc: Detected 3192.736 MHz processor
[    0.004012] Calibrating delay loop (skipped) preset value.. 6385.47 BogoMIPS (lpj=12770944)
[    0.005184] pid_max: default: 32768 minimum: 301
[    0.005912] Security Framework initialized
[    0.006513] Yama: becoming mindful.
[    0.007057] AppArmor: AppArmor initialized
[    0.008708] Dentry cache hash table entries: 131072 (order: 8, 1048576 bytes)
[    0.009800] Inode-cache hash table entries: 65536 (order: 7, 524288 bytes)
[    0.010764] Mount-cache hash table entries: 2048 (order: 2, 16384 bytes)
[    0.011738] Mountpoint-cache hash table entries: 2048 (order: 2, 16384 bytes)
[    0.012256] process: using mwait in idle threads
[    0.012932] Last level iTLB entries: 4KB 512, 2MB 8, 4MB 8
[    0.013708] Last level dTLB entries: 4KB 512, 2MB 32, 4MB 32, 1GB 0
[    0.014597] Spectre V1 : Mitigation: usercopy/swapgs barriers and __user pointer sanitization
[    0.016003] Spectre V2 : Mitigation: Full generic retpoline
[    0.016785] Spectre V2 : Spectre v2 / SpectreRSB mitigation: Filling RSB on context switch
[    0.017943] Speculative Store Bypass: Vulnerable
[    0.018672] MDS: Mitigation: Clear CPU buffers
[    0.036007] Freeing SMP alternatives memory: 36K
[    0.146488] smpboot: CPU0: Intel(R) Core(TM) i5-3470 CPU @ 3.20GHz (family: 0x6, model: 0x3a, stepping: 0x9)
[    0.148000] Performance Events: unsupported p6 CPU model 58 no PMU driver, software events only.
[    0.148000] Hierarchical SRCU implementation.
[    0.148030] NMI watchdog: Perf event create on CPU 0 failed with -2
[    0.148896] NMI watchdog: Perf NMI watchdog permanently disabled
[    0.149817] smp: Bringing up secondary CPUs ...
[    0.150489] smp: Brought up 1 node, 1 CPU
[    0.151088] smpboot: Max logical packages: 1
[    0.151722] smpboot: Total of 1 processors activated (6385.47 BogoMIPS)
[    0.152162] devtmpfs: initialized
[    0.152739] x86/mm: Memory block size: 128MB
[    0.153505] evm: security.selinux
[    0.154022] evm: security.SMACK64
[    0.154534] evm: security.SMACK64EXEC
[    0.155090] evm: security.SMACK64TRANSMUTE
[    0.156005] evm: security.SMACK64MMAP
[    0.156564] evm: security.apparmor
[    0.157092] evm: security.ima
[    0.157560] evm: security.capability
[    0.158203] clocksource: jiffies: mask: 0xffffffff max_cycles: 0xffffffff, max_idle_ns: 7645041785100000 ns
[    0.159590] futex hash table entries: 256 (order: 2, 16384 bytes)
[    0.160043] pinctrl core: initialized pinctrl subsystem
[    0.160918] RTC time:  8:59:18, date: 11/26/19
[    0.161725] NET: Registered protocol family 16
[    0.162512] audit: initializing netlink subsys (disabled)
[    0.163409] cpuidle: using governor ladder
[    0.164009] audit: type=2000 audit(1574758764.164:1): state=initialized audit_enabled=0 res=1
[    0.165242] cpuidle: using governor menu
[    0.165863] ACPI: bus type PCI registered
[    0.166469] acpiphp: ACPI Hot Plug PCI Controller Driver version: 0.5
[    0.168081] PCI: Using configuration type 1 for base access
[    0.169805] HugeTLB registered 2.00 MiB page size, pre-allocated 0 pages
[    0.172159] ACPI: Added _OSI(Module Device)
[    0.172895] ACPI: Added _OSI(Processor Device)
[    0.173587] ACPI: Added _OSI(3.0 _SCP Extensions)
[    0.174316] ACPI: Added _OSI(Processor Aggregator Device)
[    0.175121] ACPI: Added _OSI(Linux-Dell-Video)
[    0.175837] ACPI: Added _OSI(Linux-Lenovo-NV-HDMI-Audio)
[    0.176011] ACPI: Added _OSI(Linux-HPI-Hybrid-Graphics)
[    0.177086] ACPI: Executed 1 blocks of module-level executable AML code
[    0.181659] ACPI: Interpreter enabled
[    0.182243] ACPI: (supports S0 S5)
[    0.182771] ACPI: Using IOAPIC for interrupt routing
[    0.183741] PCI: Using host bridge windows from ACPI; if necessary, use "pci=nocrs" and report a bug
[    0.184141] ACPI: Enabled 2 GPEs in block 00 to 07
[    0.190740] ACPI: PCI Root Bridge [PCI0] (domain 0000 [bus 00-ff])
[    0.192008] acpi PNP0A03:00: _OSC: OS supports [ASPM ClockPM Segments MSI]
[    0.193460] acpi PNP0A03:00: _OSC: not requesting OS control; OS requires [ExtendedConfig ASPM ClockPM MSI]
[    0.194871] acpi PNP0A03:00: fail to add MMCONFIG information, can't access extended PCI configuration space under this bridge.
[    0.196297] PCI host bridge to bus 0000:00
[    0.196940] pci_bus 0000:00: root bus resource [io  0x0000-0x0cf7 window]
[    0.197903] pci_bus 0000:00: root bus resource [io  0x0d00-0xffff window]
[    0.198855] pci_bus 0000:00: root bus resource [mem 0x000a0000-0x000bffff window]
[    0.200003] pci_bus 0000:00: root bus resource [mem 0x40000000-0xfdffffff window]
[    0.201088] pci_bus 0000:00: root bus resource [bus 00-ff]
[    0.204495] pci 0000:00:01.1: legacy IDE quirk: reg 0x10: [io  0x01f0-0x01f7]
[    0.205512] pci 0000:00:01.1: legacy IDE quirk: reg 0x14: [io  0x03f6]
[    0.206466] pci 0000:00:01.1: legacy IDE quirk: reg 0x18: [io  0x0170-0x0177]
[    0.207484] pci 0000:00:01.1: legacy IDE quirk: reg 0x1c: [io  0x0376]
[    0.222171] pci 0000:00:07.0: quirk: [io  0x4000-0x403f] claimed by PIIX4 ACPI
[    0.223362] pci 0000:00:07.0: quirk: [io  0x4100-0x410f] claimed by PIIX4 SMB
[    0.244717] ACPI: PCI Interrupt Link [LNKA] (IRQs 5 9 10 *11)
[    0.245989] ACPI: PCI Interrupt Link [LNKB] (IRQs 5 9 *10 11)
[    0.246895] ACPI: PCI Interrupt Link [LNKC] (IRQs 5 *9 10 11)
[    0.247796] ACPI: PCI Interrupt Link [LNKD] (IRQs 5 9 10 *11)
[    0.248388] SCSI subsystem initialized
[    0.249097] pci 0000:00:02.0: vgaarb: setting as boot VGA device
[    0.249944] pci 0000:00:02.0: vgaarb: VGA device added: decodes=io+mem,owns=io+mem,locks=none
[    0.251139] pci 0000:00:02.0: vgaarb: bridge control possible
[    0.252002] vgaarb: loaded
[    0.252458] ACPI: bus type USB registered
[    0.253079] usbcore: registered new interface driver usbfs
[    0.253852] usbcore: registered new interface driver hub
[    0.254612] usbcore: registered new device driver usb
[    0.255397] EDAC MC: Ver: 3.0.0
[    0.256310] PCI: Using ACPI for IRQ routing
[    0.257245] NetLabel: Initializing
[    0.257760] NetLabel:  domain hash size = 128
[    0.258386] NetLabel:  protocols = UNLABELED CIPSOv4 CALIPSO
[    0.259205] NetLabel:  unlabeled traffic allowed by default
[    0.260111] clocksource: Switched to clocksource kvm-clock
[    0.271312] VFS: Disk quotas dquot_6.6.0
[    0.272054] VFS: Dquot-cache hash table entries: 512 (order 0, 4096 bytes)
[    0.273181] AppArmor: AppArmor Filesystem Enabled
[    0.273890] pnp: PnP ACPI init
[    0.275286] pnp: PnP ACPI: found 3 devices
[    0.281566] clocksource: acpi_pm: mask: 0xffffff max_cycles: 0xffffff, max_idle_ns: 2085701024 ns
[    0.283040] NET: Registered protocol family 2
[    0.283844] TCP established hash table entries: 8192 (order: 4, 65536 bytes)
[    0.284876] TCP bind hash table entries: 8192 (order: 5, 131072 bytes)
[    0.285815] TCP: Hash tables configured (established 8192 bind 8192)
[    0.286722] UDP hash table entries: 512 (order: 2, 16384 bytes)
[    0.287551] UDP-Lite hash table entries: 512 (order: 2, 16384 bytes)
[    0.288504] NET: Registered protocol family 1
[    0.289169] pci 0000:00:00.0: Limiting direct PCI/PCI transfers
[    0.290012] pci 0000:00:01.0: Activating ISA DMA hang workarounds
[    0.290893] pci 0000:00:02.0: Video device with shadowed ROM at [mem 0x000c0000-0x000dffff]
[    0.292227] Unpacking initramfs...
[    0.515806] Freeing initrd memory: 19148K
[    0.516791] clocksource: tsc: mask: 0xffffffffffffffff max_cycles: 0x2e057c766cc, max_idle_ns: 440795351570 ns
[    0.518207] platform rtc_cmos: registered platform RTC device (no PNP device found)
[    0.519319] Scanning for low memory corruption every 60 seconds
[    0.520636] Initialise system trusted keyrings
[    0.521324] Key type blacklist registered
[    0.521950] workingset: timestamp_bits=36 max_order=18 bucket_order=0
[    0.524279] zbud: loaded
[    0.525135] squashfs: version 4.0 (2009/01/31) Phillip Lougher
[    0.526073] fuse init (API version 7.26)
[    0.527434] Key type asymmetric registered
[    0.528103] Asymmetric key parser 'x509' registered
[    0.528843] Block layer SCSI generic (bsg) driver version 0.4 loaded (major 246)
[    0.529937] io scheduler noop registered
[    0.530515] io scheduler deadline registered
[    0.531155] io scheduler cfq registered (default)
[    0.532089] ACPI: AC Adapter [AC] (on-line)
[    0.532773] input: Power Button as /devices/LNXSYSTM:00/LNXPWRBN:00/input/input0
[    0.533861] ACPI: Power Button [PWRF]
[    0.534459] input: Sleep Button as /devices/LNXSYSTM:00/LNXSLPBN:00/input/input1
[    0.535514] ACPI: Sleep Button [SLPF]
[    0.536321] Serial: 8250/16550 driver, 32 ports, IRQ sharing enabled
[    0.557823] 00:02: ttyS0 at I/O 0x3f8 (irq = 4, base_baud = 115200) is a 16550A
    0.560201] Linux agpgart interface v0.103
    0.561799] loop: module loaded
    0.562792] scsi host0: ata_piix
[    0.563370] scsi host1: ata_piix
    0.563898] ata1: PATA max UDMA/33 cmd 0x1f0 ctl 0x3f6 bmdma 0xd000 irq 14
    0.564894] ata2: PATA max UDMA/33 cmd 0x170 ctl 0x376 bmdma 0xd008 irq 15
[    0.566140] libphy: Fixed MDIO Bus: probed
[    0.566744] tun: Universal TUN/TAP device driver, 1.6
[    0.567492] PPP generic driver version 2.4.2
[    0.568373] ehci_hcd: USB 2.0 'Enhanced' Host Controller (EHCI) Driver
[    0.569292] ehci-pci: EHCI PCI platform driver
[    0.569945] ehci-platform: EHCI generic platform driver
[    0.570707] ohci_hcd: USB 1.1 'Open' Host Controller (OHCI) Driver
[    0.571566] ohci-pci: OHCI PCI platform driver
[    0.572231] ohci-platform: OHCI generic platform driver
[    0.573008] uhci_hcd: USB Universal Host Controller Interface driver
[    0.573937] i8042: PNP: PS/2 Controller [PNP0303:PS2K,PNP0f03:PS2M] at 0x60,0x64 irq 1,12
[    0.575513] serio: i8042 KBD port at 0x60,0x64 irq 1
[    0.576268] serio: i8042 AUX port at 0x60,0x64 irq 12
[    0.577079] mousedev: PS/2 mouse device common for all mice
[    0.578113] input: AT Translated Set 2 keyboard as /devices/platform/i8042/serio0/input/input2
[    0.579751] rtc_cmos rtc_cmos: rtc core: registered rtc_cmos as rtc0
[    0.580747] rtc_cmos rtc_cmos: alarms up to one day, 114 bytes nvram
[    0.581651] i2c /dev entries driver
[    0.582233] device-mapper: uevent: version 1.0.3
[    0.583006] device-mapper: ioctl: 4.37.0-ioctl (2017-09-20) initialised: dm-devel@redhat.com
[    0.584236] ledtrig-cpu: registered to indicate activity on CPUs
[    0.585334] NET: Registered protocol family 10
[    0.588985] Segment Routing with IPv6
[    0.589558] NET: Registered protocol family 17
[    0.590233] Key type dns_resolver registered
[    0.590944] mce: Using 0 MCE banks
[    0.591469] RAS: Correctable Errors collector initialized.
[    0.592279] sched_clock: Marking stable (592257931, 0)->(722311939, -130054008)
[    0.593472] registered taskstats version 1
[    0.594114] Loading compiled-in X.509 certificates
[    0.596768] Loaded X.509 cert 'Build time autogenerated kernel key: 1859b0531897959199376c446a0bd70df75fd1fc'
[    0.598228] zswap: loaded using pool lzo/zbud
[    0.601469] Key type big_key registered
[    0.602118] Key type trusted registered
[    0.603959] Key type encrypted registered
[    0.604619] AppArmor: AppArmor sha1 policy hashing enabled
[    0.605443] ima: No TPM chip found, activating TPM-bypass! (rc=-19)
[    0.606362] ima: Allocated hash algorithm: sha1
[    0.607098] evm: HMAC attrs: 0x1
[    0.608006]   Magic number: 11:275:979
[    0.608732] rtc_cmos rtc_cmos: setting system clock to 2019-11-26 08:59:19 UTC (1574758759)
[    0.610014] BIOS EDD facility v0.16 2004-Jun-25, 0 devices found
[    0.610923] EDD information not available.
[    0.731885] Freeing unused kernel image memory: 2432K
[    0.740087] Write protecting the kernel read-only data: 20480k
[    0.742154] Freeing unused kernel image memory: 2008K
[    0.743789] Freeing unused kernel image memory: 1880K
[    0.754257] x86/mm: Checked W+X mappings: passed, no W+X pages found.
[    0.755223] x86/mm: Checking user space page tables
[    0.762120] x86/mm: Checked W+X mappings: passed, no W+X pages found.
Loading, please wait...
starting version 237
[    0.874372] Fusion MPT base driver 3.04.20
[    0.875111] Copyright (c) 1999-2008 LSI Corporation
[    0.876108] e1000: Intel(R) PRO/1000 Network Driver - version 7.3.21-k8-NAPI
[    0.877174] e1000: Copyright (c) 1999-2006 Intel Corporation.
[    0.892423] Fusion MPT SPI Host driver 3.04.20
[    0.914588] AVX version of gcm_enc/dec engaged.
[    0.915482] AES CTR mode by8 optimization enabled
[    1.087485] input: ImExPS/2 Generic Explorer Mouse as /devices/platform/i8042/serio1/input/input4
[    1.274328] e1000 0000:00:03.0 eth0: (PCI:33MHz:32-bit) 02:12:8f:b5:56:32
[    1.275361] e1000 0000:00:03.0 eth0: Intel(R) PRO/1000 Network Connection
[    1.277227] mptbase: ioc0: Initiating bringup
[    1.372402] ioc0: LSI53C1030 A0: Capabilities={Initiator}
[    1.614430] scsi host2: ioc0: LSI53C1030 A0, FwRev=00000000h, Ports=1, MaxQ=256, IRQ=20
[    1.784563] scsi 2:0:0:0: Direct-Access     VBOX     HARDDISK         1.0  PQ: 0 ANSI: 5
[    1.787183] scsi target2:0:0: Beginning Domain Validation
[    1.792856] random: fast init done
[    1.794170] scsi target2:0:0: Domain Validation skipping write tests
[    1.796088] scsi target2:0:0: Ending Domain Validation
[    1.797376] scsi target2:0:0: asynchronous
[    1.798834] scsi 2:0:1:0: Direct-Access     VBOX     HARDDISK         1.0  PQ: 0 ANSI: 5
[    1.800310] scsi target2:0:1: Beginning Domain Validation
[    1.802158] scsi target2:0:1: Domain Validation skipping write tests
[    1.803296] scsi target2:0:1: Ending Domain Validation
[    1.804291] scsi target2:0:1: asynchronous
[    1.808376] random: systemd-udevd: uninitialized urandom read (16 bytes read)
[    1.809445] random: systemd-udevd: uninitialized urandom read (16 bytes read)
[    1.810453] random: systemd-udevd: uninitialized urandom read (16 bytes read)
[    1.811725] sd 2:0:0:0: [sda] 20971520 512-byte logical blocks: (10.7 GB/10.0 GiB)
[    1.812936] sd 2:0:0:0: [sda] Write Protect is off
[    1.813799] sd 2:0:0:0: [sda] Incomplete mode parameter data
[    1.814668] sd 2:0:0:0: [sda] Assuming drive cache: write through
[    1.815695] sd 2:0:0:0: Attached scsi generic sg0 type 0
[    1.817332] sd 2:0:1:0: [sdb] 20480 512-byte logical blocks: (10.5 MB/10.0 MiB)
[    1.818522] sd 2:0:1:0: [sdb] Write Protect is off
[    1.819402] sd 2:0:1:0: [sdb] Incomplete mode parameter data
[    1.820359] sd 2:0:1:0: [sdb] Assuming drive cache: write through
[    1.821418] sd 2:0:1:0: Attached scsi generic sg1 type 0
[    1.823061]  sda: sda1
[    1.823926] sd 2:0:0:0: [sda] Attached SCSI disk
[    1.861665] sd 2:0:1:0: [sdb] Attached SCSI disk
[    2.166682] e1000 0000:00:08.0 eth1: (PCI:33MHz:32-bit) 08:00:27:bc:78:2f
[    2.167737] e1000 0000:00:08.0 eth1: Intel(R) PRO/1000 Network Connection
[    2.530382] e1000 0000:00:09.0 eth2: (PCI:33MHz:32-bit) 08:00:27:f2:fd:40
[    2.531429] e1000 0000:00:09.0 eth2: Intel(R) PRO/1000 Network Connection
[    2.894297] e1000 0000:00:0a.0 eth3: (PCI:33MHz:32-bit) 08:00:27:e2:4f:b7
[    2.895321] e1000 0000:00:0a.0 eth3: Intel(R) PRO/1000 Network Connection
[    3.258133] e1000 0000:00:10.0 eth4: (PCI:33MHz:32-bit) 08:00:27:a8:7e:65
[    3.259174] e1000 0000:00:10.0 eth4: Intel(R) PRO/1000 Network Connection
[    3.622376] e1000 0000:00:11.0 eth5: (PCI:33MHz:32-bit) 08:00:27:85:a7:d9
[    3.623447] e1000 0000:00:11.0 eth5: Intel(R) PRO/1000 Network Connection
[    3.625759] e1000 0000:00:0a.0 enp0s10: renamed from eth3
[    3.653248] e1000 0000:00:09.0 enp0s9: renamed from eth2
[    3.663759] e1000 0000:00:03.0 enp0s3: renamed from eth0
[    3.684056] e1000 0000:00:10.0 enp0s16: renamed from eth4
[    3.706200] e1000 0000:00:08.0 enp0s8: renamed from eth1
[    3.708455] e1000 0000:00:11.0 enp0s17: renamed from eth5
Begin: Loading essential drivers ... [    5.092654] raid6: sse2x1   gen() 11835 MB/s
[    5.144605] raid6: sse2x1   xor()  7122 MB/s
[    5.202649] raid6: sse2x2   gen() 14170 MB/s
[    5.252653] raid6: sse2x2   xor()  8321 MB/s
[    5.312659] raid6: sse2x4   gen() 16824 MB/s
[    5.372703] raid6: sse2x4   xor()  9112 MB/s
[    5.374639] raid6: using algorithm sse2x4 gen() 16824 MB/s
[    5.376577] raid6: .... xor() 9112 MB/s, rmw enabled
[    5.377325] raid6: using ssse3x2 recovery algorithm
[    5.380064] xor: automatically using best checksumming function   avx       
[    5.382722] async_tx: api initialized (async)
done.
Begin: Running /scripts/init-premount ... done.
Begin: Mounting root file system ... Begin: Running /scripts/local-top ... done.
Begin: Running /scripts/local-premount ... [    5.434867] Btrfs loaded, crc32c=crc32c-intel
Scanning for Btrfs filesystems
done.
Warning: fsck not present, so skipping root file system
[    5.483642] EXT4-fs (sda1): mounted filesystem with ordered data mode. Opts: (null)
done.
Begin: Running /scripts/local-bottom ... done.
Begin: Running /scripts/init-bottom ... done.
[    6.140153] ip_tables: (C) 2000-2006 Netfilter Core Team
[    6.217510] systemd[1]: systemd 237 running in system mode. (+PAM +AUDIT +SELINUX +IMA +APPARMOR +SMACK +SYSVINIT +UTMP +LIBCRYPTSETUP +GCRYPT +GNUTLS +ACL +XZ +LZ4 +SECCOMP +BLKID +ELFUTILS +KMOD -IDN2 +IDN -PCRE2 default-hierarchy=hybrid)
[    6.224075] systemd[1]: Detected virtualization oracle.
[    6.225221] systemd[1]: Detected architecture x86-64.

Welcome to [1mUbuntu 18.04.3 LTS[0m!

[    6.240144] systemd[1]: Set hostname to <ubuntu>.
[    6.251672] systemd[1]: Initializing machine ID from random generator.
[    6.253525] systemd[1]: Installed transient /etc/machine-id file.
[    7.203142] systemd[1]: Reached target Swap.
[[0;32m  OK  [0m] Reached target Swap.
[    7.216157] systemd[1]: Reached target System Time Synchronized.
[[0;32m  OK  [0m] Reached target System Time Synchronized.
[    7.218844] systemd[1]: Reached target User and Group Name Lookups.
[[0;32m  OK  [0m] Reached target User and Group Name Lookups.
[    7.222447] systemd[1]: Created slice User and Session Slice.
[[0;32m  OK  [0m] Created slice User and Session Slice.
[[0;32m  OK  [0m] Created slice System Slice.
[[0;32m  OK  [0m] Listening on Journal Socket.
         Mounting Kernel Debug File System...
[[0;32m  OK  [0m] Listening on Network Service Netlink Socket.
[[0;32m  OK  [0m] Listening on /dev/initctl Compatibility Named Pipe.
[[0;32m  OK  [0m] Listening on Journal Socket (/dev/log).
         Mounting Huge Pages File System...
         Mounting POSIX Message Queue File System...
[[0;32m  OK  [0m] Listening on LVM2 poll daemon socket.
         Starting Uncomplicated firewall...
         Starting Load Kernel Modules...
         Starting Set the console keyboard layout...
[[0;32m  OK  [0m] Reached target Slices.
[[0;32m  OK  [0m] Listening on Journal Audit Socket.
         Starting Remount Root and Kernel File Systems...
[[0;32m  OK  [0m] Listening on Syslog Socket.
         Starting Journal Service...
[[0;32m  OK  [0m] Listening on udev Kernel Socket.
[[0;32m  OK  [0m] Set up automount Arbitrary Executab…rmats File System Automount Point.
         Starting Create list of required st…ce nodes for the current kernel...
[    7.338371] EXT4-fs (sda1): re-mounted. Opts: (null)
[[0;32m  OK  [0m] Started Forward Password Requests to Wall Directory Watch.
[[0;32m  OK  [0m] Listening on Device-mapper event daemon FIFOs.
[[0;32m  OK  [0m] Listening on udev Control Socket.
         Starting udev Coldplug all Devices...
[[0;32m  OK  [0m] Created slice system-serial\x2dgetty.slice.
[[0;32m  OK  [0m] Listening on LVM2 metadata daemon socket.
         Starting Monitoring of LVM2 mirrors…ng dmeventd or progress polling...
[[0;32m  OK  [0m] Started Journal Service.
[[0;32m  OK  [0m] Mounted Kernel Debug File System.
[[0;32m  OK  [0m] Mounted Huge Pages File System.
[[0;32m  OK  [0m] Mounted POSIX Message Queue File System.
[[0;32m  OK  [0m] Started Uncomplicated firewall.
[[0;32m  OK  [0m] Started Remount Root and Kernel File Systems.
[[0;32m  OK  [0m] Started Create list of required sta…vice nodes for the current kernel.
         Starting Create Static Device Nodes in /dev...
[    7.448486] Loading iSCSI transport class v2.0-870.
         Starting Load/Save Random Seed...
         Starting Flush Journal to Persistent Storage...
[    7.634668] iscsi: registered transport (tcp)
[    7.678348] random: crng init done
[    7.679929] random: 7 urandom warning(s) missed due to ratelimiting
[[0;32m  OK  [0m] Started Set the console keyboard layout.
[[0;32m  OK  [0m] Started Load/Save Random Seed.
[    7.823283] systemd-journald[388]: Received request to flush runtime journal from PID 1
[[0;32m  OK  [0m] Started udev Coldplug all Devices.
[    7.841796] iscsi: registered transport (iser)
[[0;32m  OK  [0m] Started Load Kernel Modules.
         Mounting FUSE Control File System...
         Starting Apply Kernel Variables...
         Mounting Kernel Configuration File System...
[[0;32m  OK  [0m] Started Create Static Device Nodes in /dev.
[[0;32m  OK  [0m] Mounted FUSE Control File System.
         Starting udev Kernel Device Manager...
[[0;32m  OK  [0m] Mounted Kernel Configuration File System.
[[0;32m  OK  [0m] Started LVM2 metadata daemon.
[[0;32m  OK  [0m] Started Apply Kernel Variables.
[[0;32m  OK  [0m] Started Flush Journal to Persistent Storage.
[[0;32m  OK  [0m] Started udev Kernel Device Manager.
[[0;32m  OK  [0m] Started Dispatch Password Requests to Console Directory Watch.
[[0;32m  OK  [0m] Reached target Local Encrypted Volumes.
[[0;32m  OK  [0m] Started Monitoring of LVM2 mirrors,…sing dmeventd or progress polling.
[[0;32m  OK  [0m] Reached target Local File Systems (Pre).
[[0;32m  OK  [0m] Reached target Local File Systems.
         Starting Set console font and keymap...
         Starting AppArmor initialization...
         Starting Create Volatile Files and Directories...
         Starting Commit a transient machine-id on disk...
         Starting Tell Plymouth To Write Out Runtime Data...
         Starting ebtables ruleset management...
[[0;32m  OK  [0m] Started Set console font and keymap.
[[0;32m  OK  [0m] Started Commit a transient machine-id on disk.
[[0;32m  OK  [0m] Started Tell Plymouth To Write Out Runtime Data.
[[0;32m  OK  [0m] Started Create Volatile Files and Directories.
         Starting Update UTMP about System Boot/Shutdown...
[[0;32m  OK  [0m] Started Update UTMP about System Boot/Shutdown.
[[0;32m  OK  [0m] Started ebtables ruleset management.
[[0;32m  OK  [0m] Found device /dev/ttyS0.
[[0;32m  OK  [0m] Listening on Load/Save RF Kill Switch Status /dev/rfkill Watch.
[[0;32m  OK  [0m] Started AppArmor initialization.
         Starting Initial cloud-init job (pre-networking)...
[   13.241932] cloud-init[543]: Cloud-init v. 19.2-36-g059d049c-0ubuntu2~18.04.1 running 'init-local' at Tue, 26 Nov 2019 08:59:31 +0000. Up 12.53 seconds.
[[0;32m  OK  [0m] Started Initial cloud-init job (pre-networking).
[[0;32m  OK  [0m] Reached target Network (Pre).
         Starting Network Service...
[[0;32m  OK  [0m] Started Network Service.
         Starting Wait for Network to be Configured...
         Starting Network Name Resolution...
[[0;32m  OK  [0m] Started Network Name Resolution.
[[0;32m  OK  [0m] Reached target Network.
[[0;32m  OK  [0m] Reached target Host and Network Name Lookups.
[[0;32m  OK  [0m] Started Wait for Network to be Configured.
         Starting Initial cloud-init job (metadata service crawler)...
[   15.122496] cloud-init[655]: Cloud-init v. 19.2-36-g059d049c-0ubuntu2~18.04.1 running 'init' at Tue, 26 Nov 2019 08:59:33 +0000. Up 14.95 seconds.
[   15.124406] cloud-init[655]: ci-info: +++++++++++++++++++++++++++++++++++++++Net device info+++++++++++++++++++++++++++++++++++++++
[   15.136209] cloud-init[655]: ci-info: +---------+-------+----------------------------+---------------+--------+-------------------+
[   15.148237] cloud-init[655]: ci-info: |  Device |   Up  |          Address           |      Mask     | Scope  |     Hw-Address    |
[   15.149833] cloud-init[655]: ci-info: +---------+-------+----------------------------+---------------+--------+-------------------+
[   15.151263] cloud-init[655]: ci-info: | enp0s10 | False |             .              |       .       |   .    | 08:00:27:e2:4f:b7 |
[   15.152689] cloud-init[655]: ci-info: | enp0s16 | False |             .              |       .       |   .    | 08:00:27:a8:7e:65 |
[   15.155454] cloud-init[655]: ci-info: | enp0s17 | False |             .              |       .       |   .    | 08:00:27:85:a7:d9 |
[   15.158855] cloud-init[655]: ci-info: |  enp0s3 |  True |         10.0.2.15          | 255.255.255.0 | global | 02:12:8f:b5:56:32 |
[   15.168163] cloud-init[655]: ci-info: |  enp0s3 |  True | fe80::12:8fff:feb5:5632/64 |       .       |  link  | 02:12:8f:b5:56:32 |
[   15.169248] cloud-init[655]: ci-info: |  enp0s8 | False |             .              |       .       |   .    | 08:00:27:bc:78:2f |
[   15.170117] cloud-init[655]: ci-info: |  enp0s9 | False |             .              |       .       |   .    | 08:00:27:f2:fd:40 |
[   15.171208] cloud-init[655]: ci-info: |    lo   |  True |         127.0.0.1          |   255.0.0.0   |  host  |         .         |
[   15.172199] cloud-init[655]: ci-info: |    lo   |  True |          ::1/128           |       .       |  host  |         .         |
[   15.173353] cloud-init[655]: ci-info: +---------+-------+----------------------------+---------------+--------+-------------------+
[   15.174975] cloud-init[655]: ci-info: ++++++++++++++++++++++++++++Route IPv4 info+++++++++++++++++++++++++++++
[   15.181513] cloud-init[655]: ci-info: +-------+-------------+----------+-----------------+-----------+-------+
[   15.182425] cloud-init[655]: ci-info: | Route | Destination | Gateway  |     Genmask     | Interface | Flags |
[   15.183153] cloud-init[655]: ci-info: +-------+-------------+----------+-----------------+-----------+-------+
[   15.183947] cloud-init[655]: ci-info: |   0   |   0.0.0.0   | 10.0.2.2 |     0.0.0.0     |   enp0s3  |   UG  |
[   15.184951] cloud-init[655]: ci-info: |   1   |   10.0.2.0  | 0.0.0.0  |  255.255.255.0  |   enp0s3  |   U   |
[   15.196185] cloud-init[655]: ci-info: |   2   |   10.0.2.2  | 0.0.0.0  | 255.255.255.255 |   enp0s3  |   UH  |
[   15.208340] cloud-init[655]: ci-info: +-------+-------------+----------+-----------------+-----------+-------+
[   15.209823] cloud-init[655]: ci-info: +++++++++++++++++++Route IPv6 info+++++++++++++++++++
[   15.210658] cloud-init[655]: ci-info: +-------+-------------+---------+-----------+-------+
[   15.212550] cloud-init[655]: ci-info: | Route | Destination | Gateway | Interface | Flags |
[   15.227970] cloud-init[655]: ci-info: +-------+-------------+---------+-----------+-------+
[   15.240244] cloud-init[655]: ci-info: |   1   |  fe80::/64  |    ::   |   enp0s3  |   U   |
[   15.241268] cloud-init[655]: ci-info: |   3   |    local    |    ::   |   enp0s3  |   U   |
[   15.242295] cloud-init[655]: ci-info: |   4   |   ff00::/8  |    ::   |   enp0s3  |   U   |
[   15.243184] cloud-init[655]: ci-info: +-------+-------------+---------+-----------+-------+
[   16.299460] cloud-init[655]: Generating public/private rsa key pair.
[   16.300940] cloud-init[655]: Your identification has been saved in /etc/ssh/ssh_host_rsa_key.
[   16.302442] cloud-init[655]: Your public key has been saved in /etc/ssh/ssh_host_rsa_key.pub.
[   16.313060] cloud-init[655]: The key fingerprint is:
[   16.313705] cloud-init[655]: SHA256:Mx5l6sEMvBaY6ZBJELMdEn4a4orLLYX56H3DVgkFDKg root@ubuntu-bionic
[   16.314368] cloud-init[655]: The key's randomart image is:
[   16.314863] cloud-init[655]: +---[RSA 2048]----+
[   16.315283] cloud-init[655]: |*++.o..          |
[   16.315729] cloud-init[655]: |.B + * .         |
[   16.316314] cloud-init[655]: |+o=.+ =   o      |
[   16.333156] cloud-init[655]: |E +o . * +       |
[   16.333694] cloud-init[655]: | oo . + S        |
[   16.334205] cloud-init[655]: |oo . . = =       |
[   16.334603] cloud-init[655]: |o + . . o        |
[   16.352985] cloud-init[655]: |.+o. =           |
[   16.353567] cloud-init[655]: |oo.oo .          |
[   16.354005] cloud-init[655]: +----[SHA256]-----+
[   16.354480] cloud-init[655]: Generating public/private dsa key pair.
[   16.355145] cloud-init[655]: Your identification has been saved in /etc/ssh/ssh_host_dsa_key.
[   16.355781] cloud-init[655]: Your public key has been saved in /etc/ssh/ssh_host_dsa_key.pub.
[   16.360250] cloud-init[655]: The key fingerprint is:
[   16.360812] cloud-init[655]: SHA256:KRoYXMcl9VqdwLhfEPxAC2QpT/mzMM5sYOpPgGIVKfk root@ubuntu-bionic
[   16.361514] cloud-init[655]: The key's randomart image is:
[   16.362126] cloud-init[655]: +---[DSA 1024]----+
[   16.362521] cloud-init[655]: |  ..o.o+*B+.     |
[   16.372982] cloud-init[655]: | + o..oo=o=+ .   |
[   16.373618] cloud-init[655]: |  =.   + o++o    |
[[0;32m  OK  [0m] Started Initial cloud-init job (metadata service crawler).
[[0;32m  OK  [0m] Reached target Cloud-config availability.
[[   16.387141] cloud-init[655]: |  .E  o =+o o    |
[   16.388891] cloud-init[655]: |..o oo.=S+ +     |
[   16.389311] cloud-init[655]: |..  .+ .= o      |
[   16.389681] cloud-init[655]: |   .. ..         |
[   16.390160] cloud-init[655]: |    ..           |
[   16.390641] cloud-init[655]: |     ..          |
[   16.391150] cloud-init[655]: +----[SHA256]-----+
[   16.391567] cloud-init[655]: Generating public/private ecdsa key pair.[0;32m  OK  [0m] Reached target Network is Online.
         Starting Availability of block devices...
[[0;32m  OK  [0m] Reached target Remote File Systems (Pre).
[[0;32m  OK  [0m] Reached target Remote File Systems.
[[0;32m  OK  [0m] Reached target System Initialization.
         Starting LXD - unix socket.
[[0;32m  OK  [0m] Listening on ACPID Listen Socket.
[[0;32m  OK  [0m] Started Daily apt download activities.
[[0;32m  OK  [0m] Listening on UUID daemon activation socket.
[[0;32m  OK  [0m] Started Discard unused blocks once a week.

[   16.407359] cloud-init[655]: Your identification has been saved in /etc/ssh/ssh_host_ecdsa_key.
[   16.408863] cloud-init[655]: Your public key has been saved in /etc/ssh/ssh_host_ecdsa_key.pub.
[[0;32m  OK  [0m] Started ACPI Events Check.
[[0;32m  OK  [0m] Reached target Paths.
[[0;32m  OK  [0m] Listening on D-Bus System Message Bus Socket.
[   16.414890] cloud-init[655]: The key fingerprint is:
[[0;32m  OK  [0m] Started Daily Cleanup of Temporary Directories.
[[0;32m  OK  [0m] Listening on Open-iSCSI iscsid Socket.[   16.420339] cloud-init[655]: SHA256:Ckj15v0NR3ZHFpMPCtT50lDRa3KsxfrLoEVS1wRnYEw root@ubuntu-bionic
[   16.421453] cloud-init[655]: The key's randomart image is:
[   16.422176] cloud-init[655]: +---[ECDSA 256]---+
[   16.422838] cloud-init[655]: |    .    ... =EBO|
[   16.423486] cloud-init[655]: |   . .    . +.oB+|

         Starting Socket activation for snappy daemon.
[[0;32m  OK  [0m] Started Message of the Day.
[[0;32m  OK  [0m] Started Daily apt upgrade and clean activities.
[[0;32m  OK  [0m] Reached target Timers.
[[0;32m  OK  [0m] Listening on LXD - unix socket.
[[0;32m  OK  [0m] Started Availability of block devices.
[[0;32m  OK  [0m] Listening on Socket activation for snappy daemon.
[   16.437197] cloud-init[655]: |  .   o    .o*+o=|
[[0;32m  OK  [0m] Reached target Sockets.
[   16.438545] cloud-init[655]: | . . o .   o+o+O.|
[[0;32m  OK  [0m] Reached target Basic System.
[   16.442709] cloud-init[655]: |  . . . S ...oB  |
         Starting Login Service...
[   16.445717] cloud-init[655]: |     . . . +oo   |
         Starting Accounts Service...
[   16.449092]          Starting LXD - container startup/shutdown...
cloud-init[655]: |      .   . .o.  |
[   16.454346] cloud-init[655]: |            o o. |
         Starting Virtualbox guest utils...
[   16.466528] cloud-init[655]: |           .   o.|
[   16.474120] cloud-init[655]: +----[SHA256]-----+
[   16.485888] cloud-init[655]: Generating public/private ed25519 key pair.
[   16.487451] cloud-init[655]: Your identification has been saved in /etc/ssh/ssh_host_ed25519_key.
[   16.500219] cloud-init[655]: Your public key has been saved in /etc/ssh/ssh_host_ed25519_key.pub.
[   16.501245] cloud-init[655]: The key fingerprint is:
[   16.501798] cloud-init[655]: SHA256:xEGbR5PwomAoagf0LdC72oQW2UxcjK39BjaMbWsqvQU root@ubuntu-bionic
[   16.502876] cloud-init[655]: The key's randomart image is:
[   16.503455] cloud-init[655]: +--[ED25519 256]--+
[   16.504058] cloud-init[655]: | oo =. .+.o.     |
[   16.516228] cloud-init[655]: |. o*.o . *..     |
[   16.517304] cloud-init[655]: |..*oX.  * o      |
[   16.518386] cloud-init[655]: |.+.B.X o o       |
[   16.519462] cloud-init[655]: |..oE+ * S        |
[   16.520790] cloud-init[655]: |.o.o.o o         |
[   16.522011] cloud-init[655]: |. = o..          |
[   16.523028] cloud-init[655]: | o +.            |
[   16.524221] cloud-init[655]: |  ...            |
[   16.536181] cloud-init[655]: +----[SHA256]-----+
         Starting Snappy daemon...
         Starting Permit User Sessions...
         Starting Pollinate to seed the pseudo random number generator...
         Starting LSB: automatic crash report generation...
[[0;32m  OK  [0m] Started FUSE filesystem for LXC.
         Starting Dispatcher daemon for systemd-networkd...
         Starting LSB: Record successful boot for GRUB...
[[0;32m  OK  [0m] Started D-Bus System Message Bus.
[[0;32m  OK  [0m] Started Login Service.
[[0;32m  OK  [0m] Started Unattended Upgrades Shutdown.
[[0;32m  OK  [0m] Started Deferred execution scheduler.
[[0;32m  OK  [0m] Started Regular background program processing daemon.
         Starting System Logging Service...
[[0;32m  OK  [0m] Started irqbalance daemon.
[[0;32m  OK  [0m] Started Permit User Sessions.
         Starting Hold until boot process finishes up...
         Starting Terminate Plymouth Boot Screen...
[[0;32m  OK  [0m] Started Hold until boot process finishes up.
         Starting Set console scheme...
[[0;32m  OK  [0m] Started Serial Getty on ttyS0.
[[0;32m  OK  [0m] Started Terminate Plymouth Boot Screen.
[[0;32m  OK  [0m] Started Set console scheme.
[[0;32m  OK  [0m] Created slice system-getty.slice.
[[0;32m  OK  [0m] Started Getty on tty1.
[[0;32m  OK  [0m] Reached target Login Prompts.
         Starting Authorization Manager...
[[0;32m  OK  [0m] Started LSB: automatic crash report generation.
[[0;32m  OK  [0m] Started System Logging Service.
[[0;32m  OK  [0m] Started LSB: Record successful boot for GRUB.
[[0;32m  OK  [0m] Started Dispatcher daemon for systemd-networkd.
[[0;32m  OK  [0m] Started Authorization Manager.
[[0;32m  OK  [0m] Started Accounts Service.
[[0;32m  OK  [0m] Started Virtualbox guest utils.
[[0;32m  OK  [0m] Started LXD - container startup/shutdown.
[[0;32m  OK  [0m] Started Snappy daemon.
         Starting Wait until snapd is fully seeded...
[[0;32m  OK  [0m] Started Pollinate to seed the pseudo random number generator.
         Starting OpenBSD Secure Shell server...
[[0;32m  OK  [0m] Started OpenBSD Secure Shell server.
[[0;32m  OK  [0m] Created slice User Slice of vagrant.
         Starting User Manager for UID 1000...
[[0;32m  OK  [0m] Started Session 1 of user vagrant.
[[0;32m  OK  [0m] Started User Manager for UID 1000.

Ubuntu 18.04.3 LTS ubuntu-bionic ttyS0

ubuntu-bionic login: [   26.706385] cloud-init[1264]: Cloud-init v. 19.2-36-g059d049c-0ubuntu2~18.04.1 running 'modules:config' at Tue, 26 Nov 2019 08:59:43 +0000. Up 24.34 seconds.
ci-info: no authorized ssh keys fingerprints found for user ubuntu.
<14>Nov 26 08:59:46 ec2: 
<14>Nov 26 08:59:46 ec2: #############################################################
<14>Nov 26 08:59:46 ec2: -----BEGIN SSH HOST KEY FINGERPRINTS-----
<14>Nov 26 08:59:46 ec2: 1024 SHA256:KRoYXMcl9VqdwLhfEPxAC2QpT/mzMM5sYOpPgGIVKfk root@ubuntu-bionic (DSA)
<14>Nov 26 08:59:46 ec2: 256 SHA256:Ckj15v0NR3ZHFpMPCtT50lDRa3KsxfrLoEVS1wRnYEw root@ubuntu-bionic (ECDSA)
<14>Nov 26 08:59:46 ec2: 256 SHA256:xEGbR5PwomAoagf0LdC72oQW2UxcjK39BjaMbWsqvQU root@ubuntu-bionic (ED25519)
<14>Nov 26 08:59:46 ec2: 2048 SHA256:Mx5l6sEMvBaY6ZBJELMdEn4a4orLLYX56H3DVgkFDKg root@ubuntu-bionic (RSA)
<14>Nov 26 08:59:46 ec2: -----END SSH HOST KEY FINGERPRINTS-----
<14>Nov 26 08:59:46 ec2: #############################################################
-----BEGIN SSH HOST KEY KEYS-----
ecdsa-sha2-nistp256 AAAAE2VjZHNhLXNoYTItbmlzdHAyNTYAAAAIbmlzdHAyNTYAAABBBLpzvy9gDSnTjwHJMipSj8fUe3o0grJQJDuYen0Dssh3ChgLFCzrUjlclJmHL5QcnjpRzxf5SAituX8JGcDPcr4= root@ubuntu-bionic
ssh-ed25519 AAAAC3NzaC1lZDI1NTE5AAAAIAHt5y0ADn5k0qQ5TMn/SKJTDW3S+ARg/DqkvDLvap/Y root@ubuntu-bionic
ssh-rsa AAAAB3NzaC1yc2EAAAADAQABAAABAQCqoB25NiO1oCYt8uF4uHyv/l4O3kSJXLFgfp8POWnd2yIZkqNSC+jfiMofZ/9hWrcm3YMxqV1u3dcJvf5jWIG1LLUGz4n40Kd/mey3dEFCQWgl9hS9PqqdvJNjeIHBnfZWwivL30MSugv3lOj6C3qHV7hWvyNhMKuBMqsKCJh26Dn90zAoQtRmM+nxn2Aj2ni1ahW6YBWt2GdWM6h8siKcl2gE/zNk7ScpbFrLGbpYrttcIUskspMaW30atqkVaNVinGTiYiqeReeEoYUIWhlJNl5uD7jqISwXMqX8yfKR894vvsmxLgDcbCanRTIrSri62VABqGVuOqqtpslXHK5H root@ubuntu-bionic
-----END SSH HOST KEY KEYS-----
[   27.800700] cloud-init[1396]: Cloud-init v. 19.2-36-g059d049c-0ubuntu2~18.04.1 running 'modules:final' at Tue, 26 Nov 2019 08:59:46 +0000. Up 27.53 seconds.
[   27.802118] cloud-init[1396]: ci-info: no authorized ssh keys fingerprints found for user ubuntu.
[   27.803002] cloud-init[1396]: Cloud-init v. 19.2-36-g059d049c-0ubuntu2~18.04.1 finished at Tue, 26 Nov 2019 08:59:46 +0000. Datasource DataSourceNoCloud [seed=/dev/sdb][dsmode=net].  Up 27.79 seconds
