[    0.000000] Linux version 4.15.0-70-generic (buildd@lgw01-amd64-055) (gcc version 7.4.0 (Ubuntu 7.4.0-1ubuntu1~18.04.1)) #79-Ubuntu SMP Tue Nov 12 10:36:11 UTC 2019 (Ubuntu 4.15.0-70.79-generic 4.15.18)
[    0.000000] Command line: BOOT_IMAGE=/boot/vmlinuz-4.15.0-70-generic root=LABEL=cloudimg-rootfs ro console=tty1 console=ttyS0
[    0.000000] KERNEL supported cpus:
[    0.000000]   Intel GenuineIntel
[    0.000000]   AMD AuthenticAMD
[    0.000000]   Centaur CentaurHauls
[    0.000000] x86/fpu: Supporting XSAVE feature 0x001: 'x87 floating point registers'
[    0.000000] x86/fpu: Supporting XSAVE feature 0x002: 'SSE registers'
[    0.000000] x86/fpu: Supporting XSAVE feature 0x004: 'AVX registers'
[    0.000000] x86/fpu: xstate_offset[2]:  576, xstate_sizes[2]:  256
[    0.000000] x86/fpu: Enabled xstate features 0x7, context size is 832 bytes, using 'standard' format.
[    0.000000] e820: BIOS-provided physical RAM map:
[    0.000000] BIOS-e820: [mem 0x0000000000000000-0x000000000009fbff] usable
[    0.000000] BIOS-e820: [mem 0x000000000009fc00-0x000000000009ffff] reserved
[    0.000000] BIOS-e820: [mem 0x00000000000f0000-0x00000000000fffff] reserved
[    0.000000] BIOS-e820: [mem 0x0000000000100000-0x000000003ffeffff] usable
[    0.000000] BIOS-e820: [mem 0x000000003fff0000-0x000000003fffffff] ACPI data
[    0.000000] BIOS-e820: [mem 0x00000000fec00000-0x00000000fec00fff] reserved
[    0.000000] BIOS-e820: [mem 0x00000000fee00000-0x00000000fee00fff] reserved
[    0.000000] BIOS-e820: [mem 0x00000000fffc0000-0x00000000ffffffff] reserved
[    0.000000] NX (Execute Disable) protection: active
[    0.000000] SMBIOS 2.5 present.
[    0.000000] DMI: innotek GmbH VirtualBox/VirtualBox, BIOS VirtualBox 12/01/2006
[    0.000000] Hypervisor detected: KVM
[    0.000000] e820: last_pfn = 0x3fff0 max_arch_pfn = 0x400000000
[    0.000000] MTRR: Disabled
[    0.000000] x86/PAT: MTRRs disabled, skipping PAT initialization too.
[    0.000000] CPU MTRRs all blank - virtualized system.
[    0.000000] x86/PAT: Configuration [0-7]: WB  WT  UC- UC  WB  WT  UC- UC  
[    0.000000] found SMP MP-table at [mem 0x0009fff0-0x0009ffff]
[    0.000000] Scanning 1 areas for low memory corruption
[    0.000000] RAMDISK: [mem 0x35a89000-0x36d3bfff]
[    0.000000] ACPI: Early table checksum verification disabled
[    0.000000] ACPI: RSDP 0x00000000000E0000 000024 (v02 VBOX  )
[    0.000000] ACPI: XSDT 0x000000003FFF0030 00003C (v01 VBOX   VBOXXSDT 00000001 ASL  00000061)
[    0.000000] ACPI: FACP 0x000000003FFF00F0 0000F4 (v04 VBOX   VBOXFACP 00000001 ASL  00000061)
[    0.000000] ACPI: DSDT 0x000000003FFF0470 0022EA (v02 VBOX   VBOXBIOS 00000002 INTL 20180105)
[    0.000000] ACPI: FACS 0x000000003FFF0200 000040
[    0.000000] ACPI: FACS 0x000000003FFF0200 000040
[    0.000000] ACPI: APIC 0x000000003FFF0240 000054 (v02 VBOX   VBOXAPIC 00000001 ASL  00000061)
[    0.000000] ACPI: SSDT 0x000000003FFF02A0 0001CC (v01 VBOX   VBOXCPUT 00000002 INTL 20180105)
[    0.000000] No NUMA configuration found
[    0.000000] Faking a node at [mem 0x0000000000000000-0x000000003ffeffff]
[    0.000000] NODE_DATA(0) allocated [mem 0x3ffc5000-0x3ffeffff]
[    0.000000] kvm-clock: cpu 0, msr 0:3ff44001, primary cpu clock
[    0.000000] kvm-clock: Using msrs 4b564d01 and 4b564d00
[    0.000000] kvm-clock: using sched offset of 3728524141 cycles
[    0.000000] clocksource: kvm-clock: mask: 0xffffffffffffffff max_cycles: 0x1cd42e4dffb, max_idle_ns: 881590591483 ns
[    0.000000] Zone ranges:
[    0.000000]   DMA      [mem 0x0000000000001000-0x0000000000ffffff]
[    0.000000]   DMA32    [mem 0x0000000001000000-0x000000003ffeffff]
[    0.000000]   Normal   empty
[    0.000000]   Device   empty
[    0.000000] Movable zone start for each node
[    0.000000] Early memory node ranges
[    0.000000]   node   0: [mem 0x0000000000001000-0x000000000009efff]
[    0.000000]   node   0: [mem 0x0000000000100000-0x000000003ffeffff]
[    0.000000] Reserved but unavailable: 98 pages
[    0.000000] Initmem setup node 0 [mem 0x0000000000001000-0x000000003ffeffff]
[    0.000000] ACPI: PM-Timer IO Port: 0x4008
[    0.000000] IOAPIC[0]: apic_id 1, version 32, address 0xfec00000, GSI 0-23
[    0.000000] ACPI: INT_SRC_OVR (bus 0 bus_irq 0 global_irq 2 dfl dfl)
[    0.000000] ACPI: INT_SRC_OVR (bus 0 bus_irq 9 global_irq 9 low level)
[    0.000000] Using ACPI (MADT) for SMP configuration information
[    0.000000] smpboot: Allowing 1 CPUs, 0 hotplug CPUs
[    0.000000] PM: Registered nosave memory: [mem 0x00000000-0x00000fff]
[    0.000000] PM: Registered nosave memory: [mem 0x0009f000-0x0009ffff]
[    0.000000] PM: Registered nosave memory: [mem 0x000a0000-0x000effff]
[    0.000000] PM: Registered nosave memory: [mem 0x000f0000-0x000fffff]
[    0.000000] e820: [mem 0x40000000-0xfebfffff] available for PCI devices
[    0.000000] Booting paravirtualized kernel on KVM
[    0.000000] clocksource: refined-jiffies: mask: 0xffffffff max_cycles: 0xffffffff, max_idle_ns: 7645519600211568 ns
[    0.000000] random: get_random_bytes called from start_kernel+0x99/0x4fd with crng_init=0
[    0.000000] setup_percpu: NR_CPUS:8192 nr_cpumask_bits:1 nr_cpu_ids:1 nr_node_ids:1
[    0.000000] percpu: Embedded 45 pages/cpu s147456 r8192 d28672 u2097152
[    0.000000] PV qspinlock hash table entries: 256 (order: 0, 4096 bytes)
[    0.000000] Built 1 zonelists, mobility grouping on.  Total pages: 257913
[    0.000000] Policy zone: DMA32
[    0.000000] Kernel command line: BOOT_IMAGE=/boot/vmlinuz-4.15.0-70-generic root=LABEL=cloudimg-rootfs ro console=tty1 console=ttyS0
[    0.000000] Memory: 983620K/1048120K available (12300K kernel code, 2481K rwdata, 4264K rodata, 2432K init, 2388K bss, 64500K reserved, 0K cma-reserved)
[    0.000000] SLUB: HWalign=64, Order=0-3, MinObjects=0, CPUs=1, Nodes=1
[    0.000000] Kernel/User page tables isolation: enabled
[    0.000000] ftrace: allocating 39315 entries in 154 pages
[    0.004000] Hierarchical RCU implementation.
[    0.004000] 	RCU restricting CPUs from NR_CPUS=8192 to nr_cpu_ids=1.
[    0.004000] 	Tasks RCU enabled.
[    0.004000] RCU: Adjusting geometry for rcu_fanout_leaf=16, nr_cpu_ids=1
[    0.004000] NR_IRQS: 524544, nr_irqs: 256, preallocated irqs: 16
[    0.004000] Console: colour VGA+ 80x25
[    0.004000] console [tty1] enabled
[    0.004000] console [ttyS0] enabled
[    0.004000] ACPI: Core revision 20170831
[    0.004000] ACPI: 2 ACPI AML tables successfully acquired and loaded
[    0.004000] APIC: Switch to symmetric I/O mode setup
[    0.004000] x2apic enabled
[    0.004000] Switched APIC routing to physical x2apic.
[    0.004000] ..TIMER: vector=0x30 apic1=0 pin1=2 apic2=-1 pin2=-1
[    0.004000] tsc: Detected 3192.442 MHz processor
[    0.004012] Calibrating delay loop (skipped) preset value.. 6384.88 BogoMIPS (lpj=12769768)
[    0.005187] pid_max: default: 32768 minimum: 301
[    0.005933] Security Framework initialized
[    0.006575] Yama: becoming mindful.
[    0.007199] AppArmor: AppArmor initialized
[    0.008698] Dentry cache hash table entries: 131072 (order: 8, 1048576 bytes)
[    0.009826] Inode-cache hash table entries: 65536 (order: 7, 524288 bytes)
[    0.010855] Mount-cache hash table entries: 2048 (order: 2, 16384 bytes)
[    0.012008] Mountpoint-cache hash table entries: 2048 (order: 2, 16384 bytes)
[    0.013264] process: using mwait in idle threads
[    0.013950] Last level iTLB entries: 4KB 512, 2MB 8, 4MB 8
[    0.014850] Last level dTLB entries: 4KB 512, 2MB 32, 4MB 32, 1GB 0
[    0.016015] Spectre V1 : Mitigation: usercopy/swapgs barriers and __user pointer sanitization
[    0.017317] Spectre V2 : Mitigation: Full generic retpoline
[    0.018206] Spectre V2 : Spectre v2 / SpectreRSB mitigation: Filling RSB on context switch
[    0.019478] Speculative Store Bypass: Vulnerable
[    0.020049] MDS: Mitigation: Clear CPU buffers
[    0.036420] Freeing SMP alternatives memory: 36K
[    0.147019] smpboot: CPU0: Intel(R) Core(TM) i5-3470 CPU @ 3.20GHz (family: 0x6, model: 0x3a, stepping: 0x9)
[    0.148000] Performance Events: unsupported p6 CPU model 58 no PMU driver, software events only.
[    0.148049] Hierarchical SRCU implementation.
[    0.149291] NMI watchdog: Perf event create on CPU 0 failed with -2
[    0.150345] NMI watchdog: Perf NMI watchdog permanently disabled
[    0.152043] smp: Bringing up secondary CPUs ...
[    0.152726] smp: Brought up 1 node, 1 CPU
[    0.153304] smpboot: Max logical packages: 1
[    0.153905] smpboot: Total of 1 processors activated (6384.88 BogoMIPS)
[    0.154948] devtmpfs: initialized
[    0.156056] x86/mm: Memory block size: 128MB
[    0.156784] evm: security.selinux
[    0.157314] evm: security.SMACK64
[    0.157805] evm: security.SMACK64EXEC
[    0.158365] evm: security.SMACK64TRANSMUTE
[    0.158968] evm: security.SMACK64MMAP
[    0.159508] evm: security.apparmor
[    0.160003] evm: security.ima
[    0.160491] evm: security.capability
[    0.161160] clocksource: jiffies: mask: 0xffffffff max_cycles: 0xffffffff, max_idle_ns: 7645041785100000 ns
[    0.162520] futex hash table entries: 256 (order: 2, 16384 bytes)
[    0.163413] pinctrl core: initialized pinctrl subsystem
[    0.164097] RTC time:  2:13:32, date: 11/23/19
[    0.164863] NET: Registered protocol family 16
[    0.165578] audit: initializing netlink subsys (disabled)
[    0.166468] cpuidle: using governor ladder
[    0.167093] cpuidle: using governor menu
[    0.168031] ACPI: bus type PCI registered
[    0.168685] acpiphp: ACPI Hot Plug PCI Controller Driver version: 0.5
[    0.169755] PCI: Using configuration type 1 for base access
[    0.170636] audit: type=2000 audit(1574475216.855:1): state=initialized audit_enabled=0 res=1
[    0.172453] HugeTLB registered 2.00 MiB page size, pre-allocated 0 pages
[    0.174142] ACPI: Added _OSI(Module Device)
[    0.174771] ACPI: Added _OSI(Processor Device)
[    0.176006] ACPI: Added _OSI(3.0 _SCP Extensions)
[    0.176668] ACPI: Added _OSI(Processor Aggregator Device)
[    0.177450] ACPI: Added _OSI(Linux-Dell-Video)
[    0.178081] ACPI: Added _OSI(Linux-Lenovo-NV-HDMI-Audio)
[    0.178811] ACPI: Added _OSI(Linux-HPI-Hybrid-Graphics)
[    0.180270] ACPI: Executed 1 blocks of module-level executable AML code
[    0.184345] ACPI: Interpreter enabled
[    0.184947] ACPI: (supports S0 S5)
[    0.185469] ACPI: Using IOAPIC for interrupt routing
[    0.186424] PCI: Using host bridge windows from ACPI; if necessary, use "pci=nocrs" and report a bug
[    0.187849] ACPI: Enabled 2 GPEs in block 00 to 07
[    0.193628] ACPI: PCI Root Bridge [PCI0] (domain 0000 [bus 00-ff])
[    0.194602] acpi PNP0A03:00: _OSC: OS supports [ASPM ClockPM Segments MSI]
[    0.196000] acpi PNP0A03:00: _OSC: not requesting OS control; OS requires [ExtendedConfig ASPM ClockPM MSI]
[    0.196012] acpi PNP0A03:00: fail to add MMCONFIG information, can't access extended PCI configuration space under this bridge.
[    0.197898] PCI host bridge to bus 0000:00
[    0.198522] pci_bus 0000:00: root bus resource [io  0x0000-0x0cf7 window]
[    0.200003] pci_bus 0000:00: root bus resource [io  0x0d00-0xffff window]
[    0.200961] pci_bus 0000:00: root bus resource [mem 0x000a0000-0x000bffff window]
[    0.202050] pci_bus 0000:00: root bus resource [mem 0x40000000-0xfdffffff window]
[    0.203140] pci_bus 0000:00: root bus resource [bus 00-ff]
[    0.205607] pci 0000:00:01.1: legacy IDE quirk: reg 0x10: [io  0x01f0-0x01f7]
[    0.206736] pci 0000:00:01.1: legacy IDE quirk: reg 0x14: [io  0x03f6]
[    0.208003] pci 0000:00:01.1: legacy IDE quirk: reg 0x18: [io  0x0170-0x0177]
[    0.208978] pci 0000:00:01.1: legacy IDE quirk: reg 0x1c: [io  0x0376]
[    0.225497] pci 0000:00:07.0: quirk: [io  0x4000-0x403f] claimed by PIIX4 ACPI
[    0.226702] pci 0000:00:07.0: quirk: [io  0x4100-0x410f] claimed by PIIX4 SMB
[    0.237612] ACPI: PCI Interrupt Link [LNKA] (IRQs 5 9 10 *11)
[    0.238801] ACPI: PCI Interrupt Link [LNKB] (IRQs 5 9 *10 11)
[    0.239713] ACPI: PCI Interrupt Link [LNKC] (IRQs 5 *9 10 11)
[    0.240105] ACPI: PCI Interrupt Link [LNKD] (IRQs 5 9 10 *11)
[    0.241353] SCSI subsystem initialized
[    0.242099] pci 0000:00:02.0: vgaarb: setting as boot VGA device
[    0.242971] pci 0000:00:02.0: vgaarb: VGA device added: decodes=io+mem,owns=io+mem,locks=none
[    0.244004] pci 0000:00:02.0: vgaarb: bridge control possible
[    0.244860] vgaarb: loaded
[    0.245346] ACPI: bus type USB registered
[    0.245974] usbcore: registered new interface driver usbfs
[    0.246819] usbcore: registered new interface driver hub
[    0.248015] usbcore: registered new device driver usb
[    0.248840] EDAC MC: Ver: 3.0.0
[    0.249638] PCI: Using ACPI for IRQ routing
[    0.250526] NetLabel: Initializing
[    0.251033] NetLabel:  domain hash size = 128
[    0.252002] NetLabel:  protocols = UNLABELED CIPSOv4 CALIPSO
[    0.252836] NetLabel:  unlabeled traffic allowed by default
[    0.253706] clocksource: Switched to clocksource kvm-clock
[    0.263955] VFS: Disk quotas dquot_6.6.0
[    0.264787] VFS: Dquot-cache hash table entries: 512 (order 0, 4096 bytes)
[    0.266003] AppArmor: AppArmor Filesystem Enabled
[    0.266709] pnp: PnP ACPI init
[    0.268155] pnp: PnP ACPI: found 3 devices
[    0.274403] clocksource: acpi_pm: mask: 0xffffff max_cycles: 0xffffff, max_idle_ns: 2085701024 ns
[    0.275835] NET: Registered protocol family 2
[    0.276677] TCP established hash table entries: 8192 (order: 4, 65536 bytes)
[    0.277663] TCP bind hash table entries: 8192 (order: 5, 131072 bytes)
[    0.278593] TCP: Hash tables configured (established 8192 bind 8192)
[    0.279593] UDP hash table entries: 512 (order: 2, 16384 bytes)
[    0.280598] UDP-Lite hash table entries: 512 (order: 2, 16384 bytes)
[    0.281485] NET: Registered protocol family 1
[    0.282115] pci 0000:00:00.0: Limiting direct PCI/PCI transfers
[    0.282939] pci 0000:00:01.0: Activating ISA DMA hang workarounds
[    0.283820] pci 0000:00:02.0: Video device with shadowed ROM at [mem 0x000c0000-0x000dffff]
[    0.285123] Unpacking initramfs...
[    0.504427] Freeing initrd memory: 19148K
[    0.508220] clocksource: tsc: mask: 0xffffffffffffffff max_cycles: 0x2e04664c2ec, max_idle_ns: 440795222503 ns
[    0.509654] platform rtc_cmos: registered platform RTC device (no PNP device found)
[    0.510777] Scanning for low memory corruption every 60 seconds
[    0.512065] Initialise system trusted keyrings
[    0.512764] Key type blacklist registered
[    0.513418] workingset: timestamp_bits=36 max_order=18 bucket_order=0
[    0.515176] zbud: loaded
[    0.516591] squashfs: version 4.0 (2009/01/31) Phillip Lougher
[    0.517564] fuse init (API version 7.26)
[    0.518915] Key type asymmetric registered
[    0.519623] Asymmetric key parser 'x509' registered
[    0.520435] Block layer SCSI generic (bsg) driver version 0.4 loaded (major 246)
[    0.521512] io scheduler noop registered
[    0.522087] io scheduler deadline registered
[    0.522748] io scheduler cfq registered (default)
[    0.523695] ACPI: AC Adapter [AC] (on-line)
[    0.524523] input: Power Button as /devices/LNXSYSTM:00/LNXPWRBN:00/input/input0
[    0.525603] ACPI: Power Button [PWRF]
[    0.526277] input: Sleep Button as /devices/LNXSYSTM:00/LNXSLPBN:00/input/input1
[    0.527409] ACPI: Sleep Button [SLPF]
[    0.528273] Serial: 8250/16550 driver, 32 ports, IRQ sharing enabled
[    0.549821] 00:02: ttyS0 at I/O 0x3f8 (irq = 4, base_baud = 115200) is a 16550
    0.552249] Linux agpgart interface v0.103
[    0.555011] loop: module loaded
[    0.556699] scsi host0: ata_piix
[    0.557292] scsi host1: ata_piix
[    0.557879] ata1: PATA max UDMA/33 cmd 0x1f0 ctl 0x3f6 bmdma 0xd000 irq 14
[    0.558904] ata2: PATA max UDMA/33 cmd 0x170 ctl 0x376 bmdma 0xd008 irq 15
[    0.560345] libphy: Fixed MDIO Bus: probed
[    0.561097] tun: Universal TUN/TAP device driver, 1.6
[    0.562112] PPP generic driver version 2.4.2
[    0.562839] ehci_hcd: USB 2.0 'Enhanced' Host Controller (EHCI) Driver
[    0.563756] ehci-pci: EHCI PCI platform driver
[    0.564448] ehci-platform: EHCI generic platform driver
[    0.565201] ohci_hcd: USB 1.1 'Open' Host Controller (OHCI) Driver
[    0.566070] ohci-pci: OHCI PCI platform driver
[    0.566711] ohci-platform: OHCI generic platform driver
[    0.567440] uhci_hcd: USB Universal Host Controller Interface driver
[    0.568391] i8042: PNP: PS/2 Controller [PNP0303:PS2K,PNP0f03:PS2M] at 0x60,0x64 irq 1,12
[    0.569962] serio: i8042 KBD port at 0x60,0x64 irq 1
[    0.570713] serio: i8042 AUX port at 0x60,0x64 irq 12
[    0.571549] mousedev: PS/2 mouse device common for all mice
[    0.572706] input: AT Translated Set 2 keyboard as /devices/platform/i8042/serio0/input/input2
[    0.574286] rtc_cmos rtc_cmos: rtc core: registered rtc_cmos as rtc0
[    0.575285] rtc_cmos rtc_cmos: alarms up to one day, 114 bytes nvram
[    0.576286] i2c /dev entries driver
[    0.576919] device-mapper: uevent: version 1.0.3
[    0.577650] device-mapper: ioctl: 4.37.0-ioctl (2017-09-20) initialised: dm-devel@redhat.com
[    0.578858] ledtrig-cpu: registered to indicate activity on CPUs
[    0.579999] NET: Registered protocol family 10
[    0.583849] Segment Routing with IPv6
[    0.584470] NET: Registered protocol family 17
[    0.585167] Key type dns_resolver registered
[    0.585873] mce: Using 0 MCE banks
[    0.586430] RAS: Correctable Errors collector initialized.
[    0.587247] sched_clock: Marking stable (584446505, 0)->(714232832, -129786327)
[    0.588555] registered taskstats version 1
[    0.589177] Loading compiled-in X.509 certificates
[    0.591860] Loaded X.509 cert 'Build time autogenerated kernel key: 1859b0531897959199376c446a0bd70df75fd1fc'
[    0.593353] zswap: loaded using pool lzo/zbud
[    0.596591] Key type big_key registered
[    0.597205] Key type trusted registered
[    0.599067] Key type encrypted registered
[    0.599795] AppArmor: AppArmor sha1 policy hashing enabled
[    0.602026] ima: No TPM chip found, activating TPM-bypass! (rc=-19)
[    0.604268] ima: Allocated hash algorithm: sha1
[    0.604963] evm: HMAC attrs: 0x1
[    0.605717]   Magic number: 11:137:208
[    0.606320] vc vcsa: hash matches
[    0.606841] pci 0000:00:08.0: hash matches
[    0.607544] rtc_cmos rtc_cmos: setting system clock to 2019-11-23 02:13:32 UTC (1574475212)
[    0.608843] BIOS EDD facility v0.16 2004-Jun-25, 0 devices found
[    0.609705] EDD information not available.
[    0.723554] Freeing unused kernel image memory: 2432K
[    0.732084] Write protecting the kernel read-only data: 20480k
[    0.734404] Freeing unused kernel image memory: 2008K
[    0.736147] Freeing unused kernel image memory: 1880K
[    0.746499] x86/mm: Checked W+X mappings: passed, no W+X pages found.
[    0.747503] x86/mm: Checking user space page tables
[    0.754343] x86/mm: Checked W+X mappings: passed, no W+X pages found.
Loading, please wait...
starting version 237
[    0.863560] e1000: Intel(R) PRO/1000 Network Driver - version 7.3.21-k8-NAPI
[    0.864698] e1000: Copyright (c) 1999-2006 Intel Corporation.
[    0.869612] Fusion MPT base driver 3.04.20
[    0.870244] Copyright (c) 1999-2008 LSI Corporation
[    0.883404] Fusion MPT SPI Host driver 3.04.20
[    0.909912] AVX version of gcm_enc/dec engaged.
[    0.910643] AES CTR mode by8 optimization enabled
[    0.911359] mptbase: ioc0: Initiating bringup
[    1.008360] ioc0: LSI53C1030 A0: Capabilities={Initiator}
[    1.082574] input: ImExPS/2 Generic Explorer Mouse as /devices/platform/i8042/serio1/input/input4
[    1.254410] scsi host2: ioc0: LSI53C1030 A0, FwRev=00000000h, Ports=1, MaxQ=256, IRQ=20
[    1.424573] scsi 2:0:0:0: Direct-Access     VBOX     HARDDISK         1.0  PQ: 0 ANSI: 5
[    1.427152] scsi target2:0:0: Beginning Domain Validation
[    1.432605] random: fast init done
[    1.433752] scsi target2:0:0: Domain Validation skipping write tests
[    1.435620] scsi target2:0:0: Ending Domain Validation
[    1.436939] scsi target2:0:0: asynchronous
[    1.438349] scsi 2:0:1:0: Direct-Access     VBOX     HARDDISK         1.0  PQ: 0 ANSI: 5
[    1.439549] scsi target2:0:1: Beginning Domain Validation
[    1.441183] scsi target2:0:1: Domain Validation skipping write tests
[    1.442112] scsi target2:0:1: Ending Domain Validation
[    1.442904] scsi target2:0:1: asynchronous
[    1.447168] random: systemd-udevd: uninitialized urandom read (16 bytes read)
[    1.448793] random: systemd-udevd: uninitialized urandom read (16 bytes read)
[    1.450364] random: systemd-udevd: uninitialized urandom read (16 bytes read)
[    1.452218] sd 2:0:0:0: [sda] 20971520 512-byte logical blocks: (10.7 GB/10.0 GiB)
[    1.454100] sd 2:0:0:0: [sda] Write Protect is off
[    1.455296] sd 2:0:0:0: Attached scsi generic sg0 type 0
[    1.456686] sd 2:0:0:0: [sda] Incomplete mode parameter data
[    1.457949] sd 2:0:0:0: [sda] Assuming drive cache: write through
[    1.459785] sd 2:0:1:0: Attached scsi generic sg1 type 0
[    1.461060] sd 2:0:1:0: [sdb] 20480 512-byte logical blocks: (10.5 MB/10.0 MiB)
[    1.462859] sd 2:0:1:0: [sdb] Write Protect is off
[    1.464227] sd 2:0:1:0: [sdb] Incomplete mode parameter data
[    1.465105] sd 2:0:1:0: [sdb] Assuming drive cache: write through
[    1.511849]  sda: sda1
[    1.517029] sd 2:0:0:0: [sda] Attached SCSI disk
[    1.517959] sd 2:0:1:0: [sdb] Attached SCSI disk
[    1.814391] e1000 0000:00:03.0 eth0: (PCI:33MHz:32-bit) 02:12:8f:b5:56:32
[    1.815531] e1000 0000:00:03.0 eth0: Intel(R) PRO/1000 Network Connection
[    2.178925] e1000 0000:00:08.0 eth1: (PCI:33MHz:32-bit) 08:00:27:b8:29:78
[    2.180039] e1000 0000:00:08.0 eth1: Intel(R) PRO/1000 Network Connection
[    2.182259] e1000 0000:00:08.0 enp0s8: renamed from eth1
[    2.184974] e1000 0000:00:03.0 enp0s3: renamed from eth0
Begin: Loading essential drivers ... [    3.580637] raid6: sse2x1   gen() 11723 MB/s
[    3.640638] raid6: sse2x1   xor()  8485 MB/s
[    3.700644] raid6: sse2x2   gen() 14139 MB/s
[    3.756787] raid6: sse2x2   xor()  8613 MB/s
[    3.810665] raid6: sse2x4   gen() 16760 MB/s
[    3.870666] raid6: sse2x4   xor()  9550 MB/s
[    3.871392] raid6: using algorithm sse2x4 gen() 16760 MB/s
[    3.872171] raid6: .... xor() 9550 MB/s, rmw enabled
[    3.872939] raid6: using ssse3x2 recovery algorithm
[    3.875959] xor: automatically using best checksumming function   avx       
[    3.878784] async_tx: api initialized (async)
done.
Begin: Running /scripts/init-premount ... done.
Begin: Mounting root file system ... Begin: Running /scripts/local-top ... done.
Begin: Running /scripts/local-premount ... [    3.930599] Btrfs loaded, crc32c=crc32c-intel
Scanning for Btrfs filesystems
done.
Warning: fsck not present, so skipping root file system
[    3.983985] EXT4-fs (sda1): mounted filesystem with ordered data mode. Opts: (null)
done.
Begin: Running /scripts/local-bottom ... done.
Begin: Running /scripts/init-bottom ... done.
[    4.770463] ip_tables: (C) 2000-2006 Netfilter Core Team
[    4.839278] systemd[1]: systemd 237 running in system mode. (+PAM +AUDIT +SELINUX +IMA +APPARMOR +SMACK +SYSVINIT +UTMP +LIBCRYPTSETUP +GCRYPT +GNUTLS +ACL +XZ +LZ4 +SECCOMP +BLKID +ELFUTILS +KMOD -IDN2 +IDN -PCRE2 default-hierarchy=hybrid)
[    4.845942] systemd[1]: Detected virtualization oracle.
[    4.847239] systemd[1]: Detected architecture x86-64.

Welcome to [1mUbuntu 18.04.3 LTS[0m!

[    4.866550] systemd[1]: Set hostname to <ubuntu>.
[    4.880929] systemd[1]: Initializing machine ID from random generator.
[    4.882599] systemd[1]: Installed transient /etc/machine-id file.
[    6.013179] systemd[1]: Reached target Swap.
[[0;32m  OK  [0m] Reached target Swap.
[    6.015649] systemd[1]: Set up automount Arbitrary Executable File Formats File System Automount Point.
[[0;32m  OK  [0m] Set up automount Arbitrary Executab…rmats File System Automount Point.
[    6.019464] systemd[1]: Reached target System Time Synchronized.
[[0;32m  OK  [0m] Reached target System Time Synchronized.
[    6.021964] systemd[1]: Created slice System Slice.
[[0;32m  OK  [0m] Created slice System Slice.
[[0;32m  OK  [0m] Listening on Network Service Netlink Socket.
[[0;32m  OK  [0m] Listening on udev Control Socket.
[[0;32m  OK  [0m] Listening on /dev/initctl Compatibility Named Pipe.
[[0;32m  OK  [0m] Listening on LVM2 metadata daemon socket.
[[0;32m  OK  [0m] Listening on LVM2 poll daemon socket.
[[0;32m  OK  [0m] Listening on Syslog Socket.
[[0;32m  OK  [0m] Listening on Journal Socket.
         Mounting POSIX Message Queue File System...
[[0;32m  OK  [0m] Listening on udev Kernel Socket.
         Starting Remount Root and Kernel File Systems...
[[0;32m  OK  [0m] Listening on Journal Socket (/dev/log).
         Starting Uncomplicated firewall...
[[0;32m  OK  [0m] Reached target User and Group Name Lookups.
[    6.075325] EXT4-fs (sda1): re-mounted. Opts: (null)
         Mounting Huge Pages File System...
[[0;32m  OK  [0m] Created slice User and Session Slice.
[[0;32m  OK  [0m] Listening on Device-mapper event daemon FIFOs.
         Starting Monitoring of LVM2 mirrors…ng dmeventd or progress polling...
         Starting Create list of required st…ce nodes for the current kernel...
[[0;32m  OK  [0m] Created slice system-serial\x2dgetty.slice.
[[0;32m  OK  [0m] Listening on Journal Audit Socket.
         Starting udev Coldplug all Devices...
         Starting Journal Service...
[[0;32m  OK  [0m] Reached target Slices.
         Starting Set the console keyboard layout...
         Starting Load Kernel Modules...
[[0;32m  OK  [0m] Started Forward Password Requests to Wall Directory Watch.
         Mounting Kernel Debug File System...
[[0;32m  OK  [0m] Mounted POSIX Message Queue File System.
[[0;32m  OK  [0m] Started Remount Root and Kernel File Systems.
[[0;32m  OK  [0m] Started Uncomplicated firewall.
[[0;32m  OK  [0m] Mounted Huge Pages File System.
[[0;32m  OK  [0m] Started Create list of required sta…vice nodes for the current kernel.
[[0;32m  OK  [0m] Mounted Kernel Debug File System.
         Starting Create Static Device Nodes in /dev...
         Starting Load/Save Random Seed...
[    6.313223] random: crng init done
[    6.314038] random: 7 urandom warning(s) missed due to ratelimiting
[[0;32m  OK  [0m] Started Journal Service.
[[0;32m  OK  [0m] Started udev Coldplug all Devices.
         Starting Flush Journal to Persistent Storage...
[[0;32m  OK  [0m] Started Load/Save Random Seed.
[[0;32m  OK  [0m] Started LVM2 metadata daemon.
[    6.652925] Loading iSCSI transport class v2.0-870.
[    6.671626] iscsi: registered transport (tcp)
[    6.685299] systemd-journald[398]: Received request to flush runtime journal from PID 1
[[0;32m  OK  [0m] Started Create Static Device Nodes in /dev.
         Starting udev Kernel Device Manager...
[[0;32m  OK  [0m] Started Set the console keyboard layout.
[[0;32m  OK  [0m] Started Monitoring of LVM2 mirrors,…sing dmeventd or progress polling.
[[0;32m  OK  [0m] Reached target Local File Systems (Pre).
[[0;32m  OK  [0m] Reached target Local File Systems.
         Starting Tell Plymouth To Write Out Runtime Data...
         Starting ebtables ruleset management...
         Starting Commit a transient machine-id on disk...
         Starting Set console font and keymap...
         Starting AppArmor initialization...
[[0;32m  OK  [0m] Started Flush Journal to Persistent Storage.
         Starting Create Volatile Files and Directories...
[[0;32m  OK  [0m] Started Tell Plymouth To Write Out Runtime Data.
[    7.052445] iscsi: registered transport (iser)
[[0;32m  OK  [0m] Started Load Kernel Modules.
         Starting Apply Kernel Variables...
         Mounting FUSE Control File System...
         Mounting Kernel Configuration File System...
[[0;32m  OK  [0m] Mounted FUSE Control File System.
[[0;32m  OK  [0m] Mounted Kernel Configuration File System.
[[0;32m  OK  [0m] Started Set console font and keymap.
[[0;32m  OK  [0m] Started Commit a transient machine-id on disk.
[[0;32m  OK  [0m] Started udev Kernel Device Manager.
[[0;32m  OK  [0m] Started Dispatch Password Requests to Console Directory Watch.
[[0;32m  OK  [0m] Reached target Local Encrypted Volumes.
[[0;32m  OK  [0m] Started Create Volatile Files and Directories.
         Starting Update UTMP about System Boot/Shutdown...
[[0;32m  OK  [0m] Started Apply Kernel Variables.
[[0;32m  OK  [0m] Started Update UTMP about System Boot/Shutdown.
[[0;32m  OK  [0m] Started ebtables ruleset management.
[[0;32m  OK  [0m] Found device /dev/ttyS0.
[[0;32m  OK  [0m] Listening on Load/Save RF Kill Switch Status /dev/rfkill Watch.
[[0;32m  OK  [0m] Started AppArmor initialization.
         Starting Initial cloud-init job (pre-networking)...
[   12.538134] cloud-init[545]: Cloud-init v. 19.2-36-g059d049c-0ubuntu2~18.04.1 running 'init-local' at Sat, 23 Nov 2019 02:13:43 +0000. Up 11.96 seconds.
[[0;32m  OK  [0m] Started Initial cloud-init job (pre-networking).
[[0;32m  OK  [0m] Reached target Network (Pre).
         Starting Network Service...
[[0;32m  OK  [0m] Started Network Service.
         Starting Network Name Resolution...
         Starting Wait for Network to be Configured...
[[0;32m  OK  [0m] Started Network Name Resolution.
[[0;32m  OK  [0m] Reached target Network.
[[0;32m  OK  [0m] Reached target Host and Network Name Lookups.
[[0;32m  OK  [0m] Started Wait for Network to be Configured.
         Starting Initial cloud-init job (metadata service crawler)...
[   14.924809] cloud-init[661]: Cloud-init v. 19.2-36-g059d049c-0ubuntu2~18.04.1 running 'init' at Sat, 23 Nov 2019 02:13:46 +0000. Up 14.75 seconds.
[   14.936264] cloud-init[661]: ci-info: ++++++++++++++++++++++++++++++++++++++Net device info+++++++++++++++++++++++++++++++++++++++
[   14.937419] cloud-init[661]: ci-info: +--------+-------+----------------------------+---------------+--------+-------------------+
[   14.938366] cloud-init[661]: ci-info: | Device |   Up  |          Address           |      Mask     | Scope  |     Hw-Address    |
[   14.939314] cloud-init[661]: ci-info: +--------+-------+----------------------------+---------------+--------+-------------------+
[   14.940055] cloud-init[661]: ci-info: | enp0s3 |  True |         10.0.2.15          | 255.255.255.0 | global | 02:12:8f:b5:56:32 |
[   14.942687] cloud-init[661]: ci-info: | enp0s3 |  True | fe80::12:8fff:feb5:5632/64 |       .       |  link  | 02:12:8f:b5:56:32 |
[   14.944886] cloud-init[661]: ci-info: | enp0s8 | False |             .              |       .       |   .    | 08:00:27:b8:29:78 |
[   14.956167] cloud-init[661]: ci-info: |   lo   |  True |         127.0.0.1          |   255.0.0.0   |  host  |         .         |
[   14.957453] cloud-init[661]: ci-info: |   lo   |  True |          ::1/128           |       .       |  host  |         .         |
[   14.960917] cloud-init[661]: ci-info: +--------+-------+----------------------------+---------------+--------+-------------------+
[   14.964233] cloud-init[661]: ci-info: ++++++++++++++++++++++++++++Route IPv4 info+++++++++++++++++++++++++++++
[   14.965865] cloud-init[661]: ci-info: +-------+-------------+----------+-----------------+-----------+-------+
[   14.967744] cloud-init[661]: ci-info: | Route | Destination | Gateway  |     Genmask     | Interface | Flags |
[   14.970207] cloud-init[661]: ci-info: +-------+-------------+----------+-----------------+-----------+-------+
[   14.971296] cloud-init[661]: ci-info: |   0   |   0.0.0.0   | 10.0.2.2 |     0.0.0.0     |   enp0s3  |   UG  |
[   14.984162] cloud-init[661]: ci-info: |   1   |   10.0.2.0  | 0.0.0.0  |  255.255.255.0  |   enp0s3  |   U   |
[   14.984955] cloud-init[661]: ci-info: |   2   |   10.0.2.2  | 0.0.0.0  | 255.255.255.255 |   enp0s3  |   UH  |
[   14.996155] cloud-init[661]: ci-info: +-------+-------------+----------+-----------------+-----------+-------+
[   14.997149] cloud-init[661]: ci-info: +++++++++++++++++++Route IPv6 info+++++++++++++++++++
[   14.998154] cloud-init[661]: ci-info: +-------+-------------+---------+-----------+-------+
[   14.998870] cloud-init[661]: ci-info: | Route | Destination | Gateway | Interface | Flags |
[   14.999569] cloud-init[661]: ci-info: +-------+-------------+---------+-----------+-------+
[   15.000382] cloud-init[661]: ci-info: |   1   |  fe80::/64  |    ::   |   enp0s3  |   U   |
[   15.012661] cloud-init[661]: ci-info: |   3   |    local    |    ::   |   enp0s3  |   U   |
[   15.013867] cloud-init[661]: ci-info: |   4   |   ff00::/8  |    ::   |   enp0s3  |   U   |
[   15.015918] cloud-init[661]: ci-info: +-------+-------------+---------+-----------+-------+
[   16.347557] cloud-init[661]: Generating public/private rsa key pair.
[   16.348467] cloud-init[661]: Your identification has been saved in /etc/ssh/ssh_host_rsa_key.
[   16.349516] cloud-init[661]: Your public key has been saved in /etc/ssh/ssh_host_rsa_key.pub.
[   16.361862] cloud-init[661]: The key fingerprint is:
[   16.381807] cloud-init[661]: SHA256:g5eSES7mTDwfhYIu/HbuzCDLGdsnAOcl9Oie0lJmXVY root@ubuntu-bionic
[   16.382781] cloud-init[661]: The key's randomart image is:
[   16.401802] cloud-init[661]: +---[RSA 2048]----+
[[0;32m  OK  [0m] Started Initial cloud-init job (metadata service crawler).
[[0;32m  OK  [0m] Reached target Cloud-config availability.
[[0;32m  OK  [0m] Reached target System Initialization.
[[0;32m  OK  [0m] Listening on UUID daemon activation socket.
[[0;32m  OK  [0m] Listening on ACPID Listen Socket.
[   16.415310] cloud-init[661]: |   .  ...        |
[   16.419220] cloud-init[[0;32m  OK  [0m] Started ACPI Events Check.
[[0;32m  OK  [0m] Listening on Open-iSCSI iscsid Socket.
[[0;32m  OK  [0m] Started Message of the Day.
         Starting Socket activation for snappy daemon.
[[0;32m  OK  [0m] Listening on D-Bus System Message Bus Socket.
[[0;32m  OK  [0m] Started Discard unused blocks once a week.
[[0;32m  OK  [0m] Started Daily apt download activities.
[661]: |  o....oE        |
[[   16.441817] cloud-init[661]: |.o o*.+.         |
[   16.442509] cloud-init[661]: |o.==o+o= .       |
[   16.443108] cloud-init[661]: |.=.+oo= S        |
[   16.443645] cloud-init[661]: | .*o.. o .       |
[   16.444043] [0;32m  OK  [0m] Started Daily apt upgrade and clean activities.
cloud-init[661]: | Oooo            |
[   16.445363] cloud-init[661]: |+ @.+o           |
[   16.445776] cloud-init[661]: | B .++           |
[   16.446336] cloud-init[661]: +----[SHA256]-----+
[   16.446847] cloud-init[661]: Generating public/private dsa key pair.
[   16.447409] cloud-init[661]: Your identification has been saved in /etc/ssh/ssh_host_dsa_key.
         Starting LXD - unix socket.[   16.464408] cloud-init[661]: Your public key has been saved in /etc/ssh/ssh_host_dsa_key.pub.
[   16.465406] cloud-init[661]: The key fingerprint is:
[   16.465920] cloud-init[661]: SHA256:8JSpwpwMN3TG/B7LB7y/Ia+leCjlSCUyj79Nm6lyqbM root@ubuntu-bionic
[   16.466739] cloud-init[661]: The key's randomart image is:
[   16.467256] cloud-init[661]: +---[DSA 1024]----+
[   16.467660] cloud-init[661]: |    .oo          |
[[0;32m  OK  [0m] Reached target Paths.
[[0;32m  OK  [0m] Started Daily Cleanup of Temporary Directories.
[[0;32m  OK  [0m] Reached target Timers.
[[0;32m  OK  [0m] Reached target Network is Online.

[   16.470524] cloud-init[[0;32m  OK  [0m] Reached target Remote File Systems (Pre).
[[0;32m  OK  [0m] Reached target Remote File Systems.
[661]: |   . oo  o       |
         Starting Availability of block devices...
[   16.473714] cloud-init[661]: |  . o .o+        |
[[   16.490744] cloud-init[661]: |  o*.o.==        |
[   16.491283] cloud-init[661]: |   =*o.oS=       |
[   16.491848] cloud-init[0;32m  OK  [0m] Listening on Socket activation for snappy daemon.
[[0;32m  OK  [0m] Listening on LXD - unix socket.
[661]: |  . o.. = .      |
[   16.494425] cloud-init[661]: |   o =...oo      |
[   16.504141] cloud-init[661]: |  o *oo=.=..     |
[   16.504628] cloud-init[661]: |  E*o+*.o.o.     |
[[0;32m  OK  [0m] Started Availability of block devices.
[[0;32m  OK  [0m] Reached target Sockets.
[[0;32m  OK  [0m] Reached target Basic System.
         Starting Permit User Sessions...
[[0;32m  OK  [0m] Started Deferred execution scheduler.
         Starting Accounts Service...
         Starting LXD - container startup/shutdown...
[   16.507274] cloud-init[661]: +----[SHA256]-----+
[   16.557823] cloud-init[661]: Generating public/private ecdsa key pair.
[   16.558625] cloud-init[661]: Your identification has been saved in /etc/ssh/ssh_host_ecdsa_key.
[   16.559433] cloud-init[661]: Your public key has been saved in /etc/ssh/ssh_host_ecdsa_key.pub.
[   16.560212] cloud-init[661]: The key fingerprint is:
[   16.562056] cloud-init[661]: SHA256:ztqI20iTMR/81uNN/HfIlVw3eQ1OstMhCKuyxjRvy7g root@ubuntu-bionic
[   16.563050] cloud-init[661]: The key's randomart image is:
[   16.564121] cloud-init[661]: +---[ECDSA 256]---+
[   16.565518] cloud-init[661]: |        .. .     |
[   16.567110] cloud-init[661]: |         .. o +  |
[   16.567932] cloud-init[661]: |        .    B oo|
[   16.569661] cloud-init[661]: |     . .    o oo=|
[   16.573037] cloud-init[661]: |    * + S    .. *|
[   16.575385] cloud-init[661]: |   o X = . .   o.|
[   16.575987] cloud-init[661]: |    B + = o o. o |
[   16.577265] cloud-init[661]: |   o O * . + .o o|
[   16.577955] cloud-init[661]: |    Eo* . . . ...|
[   16.579113] cloud-init[661]: +----[SHA256]-----+
[   16.580587] cloud-init[661]: Generating public/private ed25519 key pair.
[   16.581818] cloud-init[661]: Your identification has been saved in /etc/ssh/ssh_host_ed25519_key.
[   16.582889] cloud-init[661]: Your public key has been saved in /etc/ssh/ssh_host_ed25519_key.pub.
[   16.584274] cloud-init[661]: The key fingerprint is:
[   16.584963] cloud-init[661]: SHA256:2R13jHsmJbhc2H5XxEdM2qcYLePBQwy0wz0/dMMaOAU root@ubuntu-bionic
[   16.586062] cloud-init[661]: The key's randomart image is:
[   16.586800] cloud-init[661]: +--[ED25519 256]--+
[   16.587484] cloud-init[661]: |         .oEo. =+|
[   16.588216] cloud-init[661]: |         . =+=.*+|
[   16.588875] cloud-init[661]: |          +o&.XoX|
[   16.589571] cloud-init[661]: |         o =.^oB+|
[   16.590231] cloud-init[661]: |        S . *.B =|
[   16.590896] cloud-init[661]: |               *.|
[   16.591573] cloud-init[661]: |                 |
[   16.592262] cloud-init[661]: |                 |
[   16.592961] cloud-init[661]: |                 |
[   16.593655] cloud-init[661]: +----[SHA256]-----+
[[0;32m  OK  [0m] Started Regular background program processing daemon.
[[0;32m  OK  [0m] Started D-Bus System Message Bus.
[[0;32m  OK  [0m] Started FUSE filesystem for LXC.
         Starting Pollinate to seed the pseudo random number generator...
         Starting System Logging Service...
[[0;32m  OK  [0m] Started irqbalance daemon.
         Starting Virtualbox guest utils...
         Starting LSB: Record successful boot for GRUB...
         Starting Login Service...
         Starting Dispatcher daemon for systemd-networkd...
         Starting LSB: automatic crash report generation...
         Starting Snappy daemon...
[[0;32m  OK  [0m] Started Permit User Sessions.
[[0;32m  OK  [0m] Started Login Service.
         Starting Authorization Manager...
[[0;32m  OK  [0m] Started Unattended Upgrades Shutdown.
         Starting Hold until boot process finishes up...
         Starting Terminate Plymouth Boot Screen...
[[0;32m  OK  [0m] Started Hold until boot process finishes up.
[[0;32m  OK  [0m] Started Serial Getty on ttyS0.
         Starting Set console scheme...
[[0;32m  OK  [0m] Started Terminate Plymouth Boot Screen.
[[0;32m  OK  [0m] Started Set console scheme.
[[0;32m  OK  [0m] Created slice system-getty.slice.
[[0;32m  OK  [0m] Started Getty on tty1.
[[0;32m  OK  [0m] Reached target Login Prompts.
[[0;32m  OK  [0m] Started System Logging Service.
[[0;32m  OK  [0m] Started LSB: Record successful boot for GRUB.
[[0;32m  OK  [0m] Started Authorization Manager.
[[0;32m  OK  [0m] Started Accounts Service.
[[0;32m  OK  [0m] Started LSB: automatic crash report generation.
[[0;32m  OK  [0m] Started Virtualbox guest utils.
[[0;32m  OK  [0m] Started Dispatcher daemon for systemd-networkd.
[[0;32m  OK  [0m] Started LXD - container startup/shutdown.
[[0;32m  OK  [0m] Started Snappy daemon.
         Starting Wait until snapd is fully seeded...

Ubuntu 18.04.3 LTS ubuntu-bionic ttyS0

ubuntu-bionic login: [   79.277311] cloud-init[2000]: Cloud-init v. 19.2-36-g059d049c-0ubuntu2~18.04.1 running 'modules:config' at Sat, 23 Nov 2019 02:14:49 +0000. Up 77.55 seconds.
ci-info: no authorized ssh keys fingerprints found for user ubuntu.
<14>Nov 23 02:14:51 ec2: 
<14>Nov 23 02:14:51 ec2: #############################################################
<14>Nov 23 02:14:51 ec2: -----BEGIN SSH HOST KEY FINGERPRINTS-----
<14>Nov 23 02:14:51 ec2: 1024 SHA256:8JSpwpwMN3TG/B7LB7y/Ia+leCjlSCUyj79Nm6lyqbM root@ubuntu-bionic (DSA)
<14>Nov 23 02:14:51 ec2: 256 SHA256:ztqI20iTMR/81uNN/HfIlVw3eQ1OstMhCKuyxjRvy7g root@ubuntu-bionic (ECDSA)
<14>Nov 23 02:14:51 ec2: 256 SHA256:2R13jHsmJbhc2H5XxEdM2qcYLePBQwy0wz0/dMMaOAU root@ubuntu-bionic (ED25519)
<14>Nov 23 02:14:51 ec2: 2048 SHA256:g5eSES7mTDwfhYIu/HbuzCDLGdsnAOcl9Oie0lJmXVY root@ubuntu-bionic (RSA)
<14>Nov 23 02:14:51 ec2: -----END SSH HOST KEY FINGERPRINTS-----
<14>Nov 23 02:14:51 ec2: #############################################################
-----BEGIN SSH HOST KEY KEYS-----
ecdsa-sha2-nistp256 AAAAE2VjZHNhLXNoYTItbmlzdHAyNTYAAAAIbmlzdHAyNTYAAABBBByv4P88Ip76pJK0oL0fnIq27SAz/eP153r4LGDBapFrtMJNEeRXcVaKivJx2G6dE4edVVVgiz+LbTpZ5nWXxyI= root@ubuntu-bionic
ssh-ed25519 AAAAC3NzaC1lZDI1NTE5AAAAIME2eXHjOkoLyItNjGbpXKDUY0fHFD6ANISDVsCR3CoY root@ubuntu-bionic
ssh-rsa AAAAB3NzaC1yc2EAAAADAQABAAABAQDiMfKld9V8UI8fSbkJ3os08RWi5+h06EwI5SEfLyw8y9rrKe4WtKkh3vdPlp42DTRbiHV8X6rkJsrm49yBWUZHXHwHpyyI7gjZYo0LeT7p5oQJDIgq01zdYtOCx2N3o9LNrr4r5B2bSBINN+b2dn9pW6jWD2eoiNNZ2wFA897IwGqy6BwRQA9lmzgfeeyc9BCwD2u/RbLf7tStHJzmHaER96VbqW2mmYYy8twX4djcxvCeSv6fAdj11VWZ6z5GNursx1CKyOvSDDOdwNHrlv3E6owKtzYLEffYT66x/5/ltFcZjKnlpzKnmncpa7Il3VhFi99CSMXltyZ2tNM9DzzD root@ubuntu-bionic
-----END SSH HOST KEY KEYS-----
[   79.899391] cloud-init[2041]: Cloud-init v. 19.2-36-g059d049c-0ubuntu2~18.04.1 running 'modules:final' at Sat, 23 Nov 2019 02:14:51 +0000. Up 79.70 seconds.
[   79.901021] cloud-init[2041]: ci-info: no authorized ssh keys fingerprints found for user ubuntu.
[   79.901770] cloud-init[2041]: Cloud-init v. 19.2-36-g059d049c-0ubuntu2~18.04.1 finished at Sat, 23 Nov 2019 02:14:51 +0000. Datasource DataSourceNoCloud [seed=/dev/sdb][dsmode=net].  Up 79.88 seconds
